<?xml version="1.0" encoding="UTF-8"?>
<testsuite name="com.liteware.service.AuthServiceTest" tests="10" skipped="0" failures="0" errors="0" timestamp="2025-09-05T09:03:35" hostname="imjangsun-ui-MacBookPro.local" time="0.138">
  <properties/>
  <testcase name="잘못된 현재 비밀번호로 변경 시 예외가 발생해야 한다" classname="com.liteware.service.AuthServiceTest" time="0.095"/>
  <testcase name="중복된 이메일로 회원가입 시 예외가 발생해야 한다" classname="com.liteware.service.AuthServiceTest" time="0.002"/>
  <testcase name="잘못된 비밀번호로 로그인 시 예외가 발생해야 한다" classname="com.liteware.service.AuthServiceTest" time="0.004"/>
  <testcase name="계정이 잠긴 사용자는 로그인할 수 없어야 한다" classname="com.liteware.service.AuthServiceTest" time="0.02"/>
  <testcase name="비밀번호를 성공적으로 변경할 수 있어야 한다" classname="com.liteware.service.AuthServiceTest" time="0.002"/>
  <testcase name="Refresh Token으로 새로운 Access Token을 발급받을 수 있어야 한다" classname="com.liteware.service.AuthServiceTest" time="0.002"/>
  <testcase name="유효하지 않은 Refresh Token으로는 새 토큰을 발급받을 수 없어야 한다" classname="com.liteware.service.AuthServiceTest" time="0.001"/>
  <testcase name="중복된 로그인 ID로 회원가입 시 예외가 발생해야 한다" classname="com.liteware.service.AuthServiceTest" time="0.001"/>
  <testcase name="회원가입이 성공적으로 완료되어야 한다" classname="com.liteware.service.AuthServiceTest" time="0.003"/>
  <testcase name="로그인 성공시 JWT 토큰을 반환해야 한다" classname="com.liteware.service.AuthServiceTest" time="0.002"/>
  <system-out><![CDATA[2025-09-05 18:03:35 - Password changed for user: testuser
]]></system-out>
  <system-err><![CDATA[]]></system-err>
</testsuite>
