<?xml version="1.0" encoding="UTF-8"?>
<testsuite name="com.liteware.service.BoardServiceTest" tests="15" skipped="0" failures="0" errors="0" timestamp="2025-09-05T09:03:35" hostname="imjangsun-ui-MacBookPro.local" time="0.094">
  <properties/>
  <testcase name="중복된 게시판 코드로 생성 시 예외가 발생해야 한다" classname="com.liteware.service.BoardServiceTest" time="0.072"/>
  <testcase name="게시판을 비활성화할 수 있어야 한다" classname="com.liteware.service.BoardServiceTest" time="0.002"/>
  <testcase name="내가 작성한 게시글 목록을 조회할 수 있어야 한다" classname="com.liteware.service.BoardServiceTest" time="0.002"/>
  <testcase name="활성화된 게시판 목록을 조회할 수 있어야 한다" classname="com.liteware.service.BoardServiceTest" time="0.002"/>
  <testcase name="공지글 목록을 조회할 수 있어야 한다" classname="com.liteware.service.BoardServiceTest" time="0.001"/>
  <testcase name="게시글을 검색할 수 있어야 한다" classname="com.liteware.service.BoardServiceTest" time="0.001"/>
  <testcase name="게시판을 생성할 수 있어야 한다" classname="com.liteware.service.BoardServiceTest" time="0.001"/>
  <testcase name="게시글을 수정할 수 있어야 한다" classname="com.liteware.service.BoardServiceTest" time="0.002"/>
  <testcase name="작성자가 아닌 사용자는 게시글을 삭제할 수 없어야 한다" classname="com.liteware.service.BoardServiceTest" time="0.001"/>
  <testcase name="게시글을 조회하면 조회수가 증가해야 한다" classname="com.liteware.service.BoardServiceTest" time="0.001"/>
  <testcase name="비밀글은 작성자만 조회할 수 있어야 한다" classname="com.liteware.service.BoardServiceTest" time="0.002"/>
  <testcase name="게시글을 작성할 수 있어야 한다" classname="com.liteware.service.BoardServiceTest" time="0.001"/>
  <testcase name="게시판별 게시글 목록을 페이징하여 조회할 수 있어야 한다" classname="com.liteware.service.BoardServiceTest" time="0.0"/>
  <testcase name="게시글을 삭제할 수 있어야 한다" classname="com.liteware.service.BoardServiceTest" time="0.001"/>
  <testcase name="작성자가 아닌 사용자는 게시글을 수정할 수 없어야 한다" classname="com.liteware.service.BoardServiceTest" time="0.001"/>
  <system-out><![CDATA[]]></system-out>
  <system-err><![CDATA[]]></system-err>
</testsuite>
