<?xml version="1.0" encoding="UTF-8"?>
<testsuite name="com.liteware.repository.UserRepositoryTest" tests="11" skipped="0" failures="0" errors="0" timestamp="2025-09-05T09:03:35" hostname="imjangsun-ui-MacBookPro.local" time="0.147">
  <properties/>
  <testcase name="사용자를 저장할 수 있다" classname="com.liteware.repository.UserRepositoryTest" time="0.015"/>
  <testcase name="직급별 사용자 목록을 조회할 수 있다" classname="com.liteware.repository.UserRepositoryTest" time="0.035"/>
  <testcase name="로그인 ID 중복 여부를 확인할 수 있다" classname="com.liteware.repository.UserRepositoryTest" time="0.012"/>
  <testcase name="삭제되지 않은 사용자만 조회할 수 있다" classname="com.liteware.repository.UserRepositoryTest" time="0.009"/>
  <testcase name="이메일 중복 여부를 확인할 수 있다" classname="com.liteware.repository.UserRepositoryTest" time="0.008"/>
  <testcase name="이름으로 사용자를 검색할 수 있다" classname="com.liteware.repository.UserRepositoryTest" time="0.01"/>
  <testcase name="부서별 사용자 목록을 조회할 수 있다" classname="com.liteware.repository.UserRepositoryTest" time="0.009"/>
  <testcase name="페이징 처리된 사용자 목록을 조회할 수 있다" classname="com.liteware.repository.UserRepositoryTest" time="0.017"/>
  <testcase name="이메일로 사용자를 조회할 수 있다" classname="com.liteware.repository.UserRepositoryTest" time="0.008"/>
  <testcase name="로그인 ID로 사용자를 조회할 수 있다" classname="com.liteware.repository.UserRepositoryTest" time="0.006"/>
  <testcase name="상태별 사용자 목록을 조회할 수 있다" classname="com.liteware.repository.UserRepositoryTest" time="0.01"/>
  <system-out><![CDATA[2025-09-05 18:03:35 - Could not detect default resource locations for test class [com.liteware.repository.UserRepositoryTest]: no resource found for suffixes {-context.xml, Context.groovy}.
2025-09-05 18:03:35 - Could not detect default configuration classes for test class [com.liteware.repository.UserRepositoryTest]: UserRepositoryTest does not declare any static, non-private, non-final, nested classes annotated with @Configuration.
2025-09-05 18:03:35 - Skipping candidate TestExecutionListener [org.springframework.test.context.observation.MicrometerObservationRegistryTestExecutionListener] due to a missing dependency. Specify custom TestExecutionListener classes or make the default TestExecutionListener classes and their required dependencies available. Offending class: io.micrometer.context.ThreadLocalAccessor. MicrometerObservationRegistryTestExecutionListener requires io.micrometer:micrometer-observation:1.10.8 or higher and io.micrometer:context-propagation:1.0.3 or higher.
2025-09-05 18:03:35 - Before test class: class [UserRepositoryTest], class annotated with @DirtiesContext [false] with mode [null]
2025-09-05 18:03:35 - Spring test ApplicationContext cache statistics: [DefaultContextCache@77073238 size = 1, maxSize = 32, parentContextCount = 0, hitCount = 121, missCount = 1, failureCount = 0]
2025-09-05 18:03:35 - Performing dependency injection for test class com.liteware.repository.UserRepositoryTest
2025-09-05 18:03:35 - Spring test ApplicationContext cache statistics: [DefaultContextCache@77073238 size = 1, maxSize = 32, parentContextCount = 0, hitCount = 122, missCount = 1, failureCount = 0]
2025-09-05 18:03:35 - Spring test ApplicationContext cache statistics: [DefaultContextCache@77073238 size = 1, maxSize = 32, parentContextCount = 0, hitCount = 123, missCount = 1, failureCount = 0]
2025-09-05 18:03:35 - Before test method: class [UserRepositoryTest], method [saveUser], class annotated with @DirtiesContext [false] with mode [null], method annotated with @DirtiesContext [false] with mode [null]
2025-09-05 18:03:35 - Explicit transaction definition [PROPAGATION_REQUIRED,ISOLATION_DEFAULT] found for test class [com.liteware.repository.UserRepositoryTest] and test method [saveUser]
2025-09-05 18:03:35 - Spring test ApplicationContext cache statistics: [DefaultContextCache@77073238 size = 1, maxSize = 32, parentContextCount = 0, hitCount = 124, missCount = 1, failureCount = 0]
2025-09-05 18:03:35 - No method-level @Rollback override: using default rollback [true] for test method [void com.liteware.repository.UserRepositoryTest.saveUser()]
2025-09-05 18:03:35 - Began transaction (1) for test class [com.liteware.repository.UserRepositoryTest]; test method [saveUser]; transaction manager [org.springframework.orm.jpa.JpaTransactionManager@100235c7]; rollback [true]
2025-09-05 18:03:35 - Spring test ApplicationContext cache statistics: [DefaultContextCache@77073238 size = 1, maxSize = 32, parentContextCount = 0, hitCount = 125, missCount = 1, failureCount = 0]
2025-09-05 18:03:35 - Spring test ApplicationContext cache statistics: [DefaultContextCache@77073238 size = 1, maxSize = 32, parentContextCount = 0, hitCount = 126, missCount = 1, failureCount = 0]
2025-09-05 18:03:35 - Spring test ApplicationContext cache statistics: [DefaultContextCache@77073238 size = 1, maxSize = 32, parentContextCount = 0, hitCount = 127, missCount = 1, failureCount = 0]
2025-09-05 18:03:35 - 
    insert 
    into
        departments
        (created_at, dept_code, dept_level, dept_name, description, is_active, manager_id, parent_dept_id, sort_order, updated_at, dept_id) 
    values
        (?, ?, ?, ?, ?, ?, ?, ?, ?, ?, default)
Hibernate: 
    insert 
    into
        departments
        (created_at, dept_code, dept_level, dept_name, description, is_active, manager_id, parent_dept_id, sort_order, updated_at, dept_id) 
    values
        (?, ?, ?, ?, ?, ?, ?, ?, ?, ?, default)
2025-09-05 18:03:35 - 
    insert 
    into
        positions
        (created_at, description, is_active, position_code, position_level, position_name, sort_order, updated_at, position_id) 
    values
        (?, ?, ?, ?, ?, ?, ?, ?, default)
Hibernate: 
    insert 
    into
        positions
        (created_at, description, is_active, position_code, position_level, position_name, sort_order, updated_at, position_id) 
    values
        (?, ?, ?, ?, ?, ?, ?, ?, default)
2025-09-05 18:03:35 - 
    insert 
    into
        roles
        (created_at, description, is_active, permissions, role_code, role_name, updated_at, role_id) 
    values
        (?, ?, ?, ?, ?, ?, ?, default)
Hibernate: 
    insert 
    into
        roles
        (created_at, description, is_active, permissions, role_code, role_name, updated_at, role_id) 
    values
        (?, ?, ?, ?, ?, ?, ?, default)
2025-09-05 18:03:35 - Spring test ApplicationContext cache statistics: [DefaultContextCache@77073238 size = 1, maxSize = 32, parentContextCount = 0, hitCount = 128, missCount = 1, failureCount = 0]
2025-09-05 18:03:35 - 
    insert 
    into
        users
        (is_active, created_at, department_id, email, hire_date, is_deleted, last_login_at, login_attempts, login_id, name, password, password_changed_at, phone, position_id, profile_image, status, updated_at, user_id) 
    values
        (?, ?, ?, ?, ?, ?, ?, ?, ?, ?, ?, ?, ?, ?, ?, ?, ?, default)
Hibernate: 
    insert 
    into
        users
        (is_active, created_at, department_id, email, hire_date, is_deleted, last_login_at, login_attempts, login_id, name, password, password_changed_at, phone, position_id, profile_image, status, updated_at, user_id) 
    values
        (?, ?, ?, ?, ?, ?, ?, ?, ?, ?, ?, ?, ?, ?, ?, ?, ?, default)
2025-09-05 18:03:35 - Spring test ApplicationContext cache statistics: [DefaultContextCache@77073238 size = 1, maxSize = 32, parentContextCount = 0, hitCount = 129, missCount = 1, failureCount = 0]
2025-09-05 18:03:35 - Spring test ApplicationContext cache statistics: [DefaultContextCache@77073238 size = 1, maxSize = 32, parentContextCount = 0, hitCount = 130, missCount = 1, failureCount = 0]
2025-09-05 18:03:35 - Spring test ApplicationContext cache statistics: [DefaultContextCache@77073238 size = 1, maxSize = 32, parentContextCount = 0, hitCount = 131, missCount = 1, failureCount = 0]
2025-09-05 18:03:35 - Spring test ApplicationContext cache statistics: [DefaultContextCache@77073238 size = 1, maxSize = 32, parentContextCount = 0, hitCount = 132, missCount = 1, failureCount = 0]
2025-09-05 18:03:35 - Spring test ApplicationContext cache statistics: [DefaultContextCache@77073238 size = 1, maxSize = 32, parentContextCount = 0, hitCount = 133, missCount = 1, failureCount = 0]
2025-09-05 18:03:35 - Spring test ApplicationContext cache statistics: [DefaultContextCache@77073238 size = 1, maxSize = 32, parentContextCount = 0, hitCount = 134, missCount = 1, failureCount = 0]
2025-09-05 18:03:35 - Spring test ApplicationContext cache statistics: [DefaultContextCache@77073238 size = 1, maxSize = 32, parentContextCount = 0, hitCount = 135, missCount = 1, failureCount = 0]
2025-09-05 18:03:35 - Spring test ApplicationContext cache statistics: [DefaultContextCache@77073238 size = 1, maxSize = 32, parentContextCount = 0, hitCount = 136, missCount = 1, failureCount = 0]
2025-09-05 18:03:35 - Rolled back transaction (1) for test class [com.liteware.repository.UserRepositoryTest]; test method [saveUser]
2025-09-05 18:03:35 - After test method: class [UserRepositoryTest], method [saveUser], class annotated with @DirtiesContext [false] with mode [null], method annotated with @DirtiesContext [false] with mode [null]
2025-09-05 18:03:35 - Performing dependency injection for test class com.liteware.repository.UserRepositoryTest
2025-09-05 18:03:35 - Spring test ApplicationContext cache statistics: [DefaultContextCache@77073238 size = 1, maxSize = 32, parentContextCount = 0, hitCount = 137, missCount = 1, failureCount = 0]
2025-09-05 18:03:35 - Spring test ApplicationContext cache statistics: [DefaultContextCache@77073238 size = 1, maxSize = 32, parentContextCount = 0, hitCount = 138, missCount = 1, failureCount = 0]
2025-09-05 18:03:35 - Before test method: class [UserRepositoryTest], method [findByPosition], class annotated with @DirtiesContext [false] with mode [null], method annotated with @DirtiesContext [false] with mode [null]
2025-09-05 18:03:35 - Explicit transaction definition [PROPAGATION_REQUIRED,ISOLATION_DEFAULT] found for test class [com.liteware.repository.UserRepositoryTest] and test method [findByPosition]
2025-09-05 18:03:35 - Spring test ApplicationContext cache statistics: [DefaultContextCache@77073238 size = 1, maxSize = 32, parentContextCount = 0, hitCount = 139, missCount = 1, failureCount = 0]
2025-09-05 18:03:35 - No method-level @Rollback override: using default rollback [true] for test method [void com.liteware.repository.UserRepositoryTest.findByPosition()]
2025-09-05 18:03:35 - Began transaction (1) for test class [com.liteware.repository.UserRepositoryTest]; test method [findByPosition]; transaction manager [org.springframework.orm.jpa.JpaTransactionManager@100235c7]; rollback [true]
2025-09-05 18:03:35 - Spring test ApplicationContext cache statistics: [DefaultContextCache@77073238 size = 1, maxSize = 32, parentContextCount = 0, hitCount = 140, missCount = 1, failureCount = 0]
2025-09-05 18:03:35 - Spring test ApplicationContext cache statistics: [DefaultContextCache@77073238 size = 1, maxSize = 32, parentContextCount = 0, hitCount = 141, missCount = 1, failureCount = 0]
2025-09-05 18:03:35 - Spring test ApplicationContext cache statistics: [DefaultContextCache@77073238 size = 1, maxSize = 32, parentContextCount = 0, hitCount = 142, missCount = 1, failureCount = 0]
2025-09-05 18:03:35 - 
    insert 
    into
        departments
        (created_at, dept_code, dept_level, dept_name, description, is_active, manager_id, parent_dept_id, sort_order, updated_at, dept_id) 
    values
        (?, ?, ?, ?, ?, ?, ?, ?, ?, ?, default)
Hibernate: 
    insert 
    into
        departments
        (created_at, dept_code, dept_level, dept_name, description, is_active, manager_id, parent_dept_id, sort_order, updated_at, dept_id) 
    values
        (?, ?, ?, ?, ?, ?, ?, ?, ?, ?, default)
2025-09-05 18:03:35 - 
    insert 
    into
        positions
        (created_at, description, is_active, position_code, position_level, position_name, sort_order, updated_at, position_id) 
    values
        (?, ?, ?, ?, ?, ?, ?, ?, default)
Hibernate: 
    insert 
    into
        positions
        (created_at, description, is_active, position_code, position_level, position_name, sort_order, updated_at, position_id) 
    values
        (?, ?, ?, ?, ?, ?, ?, ?, default)
2025-09-05 18:03:35 - 
    insert 
    into
        roles
        (created_at, description, is_active, permissions, role_code, role_name, updated_at, role_id) 
    values
        (?, ?, ?, ?, ?, ?, ?, default)
Hibernate: 
    insert 
    into
        roles
        (created_at, description, is_active, permissions, role_code, role_name, updated_at, role_id) 
    values
        (?, ?, ?, ?, ?, ?, ?, default)
2025-09-05 18:03:35 - Spring test ApplicationContext cache statistics: [DefaultContextCache@77073238 size = 1, maxSize = 32, parentContextCount = 0, hitCount = 143, missCount = 1, failureCount = 0]
2025-09-05 18:03:35 - 
    insert 
    into
        users
        (is_active, created_at, department_id, email, hire_date, is_deleted, last_login_at, login_attempts, login_id, name, password, password_changed_at, phone, position_id, profile_image, status, updated_at, user_id) 
    values
        (?, ?, ?, ?, ?, ?, ?, ?, ?, ?, ?, ?, ?, ?, ?, ?, ?, default)
Hibernate: 
    insert 
    into
        users
        (is_active, created_at, department_id, email, hire_date, is_deleted, last_login_at, login_attempts, login_id, name, password, password_changed_at, phone, position_id, profile_image, status, updated_at, user_id) 
    values
        (?, ?, ?, ?, ?, ?, ?, ?, ?, ?, ?, ?, ?, ?, ?, ?, ?, default)
2025-09-05 18:03:35 - 
    insert 
    into
        user_roles
        (user_id, role_id) 
    values
        (?, ?)
Hibernate: 
    insert 
    into
        user_roles
        (user_id, role_id) 
    values
        (?, ?)
2025-09-05 18:03:35 - 
    select
        u1_0.user_id,
        u1_0.is_active,
        u1_0.created_at,
        u1_0.department_id,
        u1_0.email,
        u1_0.hire_date,
        u1_0.is_deleted,
        u1_0.last_login_at,
        u1_0.login_attempts,
        u1_0.login_id,
        u1_0.name,
        u1_0.password,
        u1_0.password_changed_at,
        u1_0.phone,
        u1_0.position_id,
        u1_0.profile_image,
        u1_0.status,
        u1_0.updated_at 
    from
        users u1_0 
    where
        u1_0.position_id=?
Hibernate: 
    select
        u1_0.user_id,
        u1_0.is_active,
        u1_0.created_at,
        u1_0.department_id,
        u1_0.email,
        u1_0.hire_date,
        u1_0.is_deleted,
        u1_0.last_login_at,
        u1_0.login_attempts,
        u1_0.login_id,
        u1_0.name,
        u1_0.password,
        u1_0.password_changed_at,
        u1_0.phone,
        u1_0.position_id,
        u1_0.profile_image,
        u1_0.status,
        u1_0.updated_at 
    from
        users u1_0 
    where
        u1_0.position_id=?
2025-09-05 18:03:35 - Spring test ApplicationContext cache statistics: [DefaultContextCache@77073238 size = 1, maxSize = 32, parentContextCount = 0, hitCount = 144, missCount = 1, failureCount = 0]
2025-09-05 18:03:35 - Spring test ApplicationContext cache statistics: [DefaultContextCache@77073238 size = 1, maxSize = 32, parentContextCount = 0, hitCount = 145, missCount = 1, failureCount = 0]
2025-09-05 18:03:35 - Spring test ApplicationContext cache statistics: [DefaultContextCache@77073238 size = 1, maxSize = 32, parentContextCount = 0, hitCount = 146, missCount = 1, failureCount = 0]
2025-09-05 18:03:35 - Spring test ApplicationContext cache statistics: [DefaultContextCache@77073238 size = 1, maxSize = 32, parentContextCount = 0, hitCount = 147, missCount = 1, failureCount = 0]
2025-09-05 18:03:35 - Spring test ApplicationContext cache statistics: [DefaultContextCache@77073238 size = 1, maxSize = 32, parentContextCount = 0, hitCount = 148, missCount = 1, failureCount = 0]
2025-09-05 18:03:35 - Spring test ApplicationContext cache statistics: [DefaultContextCache@77073238 size = 1, maxSize = 32, parentContextCount = 0, hitCount = 149, missCount = 1, failureCount = 0]
2025-09-05 18:03:35 - Spring test ApplicationContext cache statistics: [DefaultContextCache@77073238 size = 1, maxSize = 32, parentContextCount = 0, hitCount = 150, missCount = 1, failureCount = 0]
2025-09-05 18:03:35 - Spring test ApplicationContext cache statistics: [DefaultContextCache@77073238 size = 1, maxSize = 32, parentContextCount = 0, hitCount = 151, missCount = 1, failureCount = 0]
2025-09-05 18:03:35 - Rolled back transaction (1) for test class [com.liteware.repository.UserRepositoryTest]; test method [findByPosition]
2025-09-05 18:03:35 - After test method: class [UserRepositoryTest], method [findByPosition], class annotated with @DirtiesContext [false] with mode [null], method annotated with @DirtiesContext [false] with mode [null]
2025-09-05 18:03:35 - Performing dependency injection for test class com.liteware.repository.UserRepositoryTest
2025-09-05 18:03:35 - Spring test ApplicationContext cache statistics: [DefaultContextCache@77073238 size = 1, maxSize = 32, parentContextCount = 0, hitCount = 152, missCount = 1, failureCount = 0]
2025-09-05 18:03:35 - Spring test ApplicationContext cache statistics: [DefaultContextCache@77073238 size = 1, maxSize = 32, parentContextCount = 0, hitCount = 153, missCount = 1, failureCount = 0]
2025-09-05 18:03:35 - Before test method: class [UserRepositoryTest], method [existsByLoginId], class annotated with @DirtiesContext [false] with mode [null], method annotated with @DirtiesContext [false] with mode [null]
2025-09-05 18:03:35 - Explicit transaction definition [PROPAGATION_REQUIRED,ISOLATION_DEFAULT] found for test class [com.liteware.repository.UserRepositoryTest] and test method [existsByLoginId]
2025-09-05 18:03:35 - Spring test ApplicationContext cache statistics: [DefaultContextCache@77073238 size = 1, maxSize = 32, parentContextCount = 0, hitCount = 154, missCount = 1, failureCount = 0]
2025-09-05 18:03:35 - No method-level @Rollback override: using default rollback [true] for test method [void com.liteware.repository.UserRepositoryTest.existsByLoginId()]
2025-09-05 18:03:35 - Began transaction (1) for test class [com.liteware.repository.UserRepositoryTest]; test method [existsByLoginId]; transaction manager [org.springframework.orm.jpa.JpaTransactionManager@100235c7]; rollback [true]
2025-09-05 18:03:35 - Spring test ApplicationContext cache statistics: [DefaultContextCache@77073238 size = 1, maxSize = 32, parentContextCount = 0, hitCount = 155, missCount = 1, failureCount = 0]
2025-09-05 18:03:35 - Spring test ApplicationContext cache statistics: [DefaultContextCache@77073238 size = 1, maxSize = 32, parentContextCount = 0, hitCount = 156, missCount = 1, failureCount = 0]
2025-09-05 18:03:35 - Spring test ApplicationContext cache statistics: [DefaultContextCache@77073238 size = 1, maxSize = 32, parentContextCount = 0, hitCount = 157, missCount = 1, failureCount = 0]
2025-09-05 18:03:35 - 
    insert 
    into
        departments
        (created_at, dept_code, dept_level, dept_name, description, is_active, manager_id, parent_dept_id, sort_order, updated_at, dept_id) 
    values
        (?, ?, ?, ?, ?, ?, ?, ?, ?, ?, default)
Hibernate: 
    insert 
    into
        departments
        (created_at, dept_code, dept_level, dept_name, description, is_active, manager_id, parent_dept_id, sort_order, updated_at, dept_id) 
    values
        (?, ?, ?, ?, ?, ?, ?, ?, ?, ?, default)
2025-09-05 18:03:35 - 
    insert 
    into
        positions
        (created_at, description, is_active, position_code, position_level, position_name, sort_order, updated_at, position_id) 
    values
        (?, ?, ?, ?, ?, ?, ?, ?, default)
Hibernate: 
    insert 
    into
        positions
        (created_at, description, is_active, position_code, position_level, position_name, sort_order, updated_at, position_id) 
    values
        (?, ?, ?, ?, ?, ?, ?, ?, default)
2025-09-05 18:03:35 - 
    insert 
    into
        roles
        (created_at, description, is_active, permissions, role_code, role_name, updated_at, role_id) 
    values
        (?, ?, ?, ?, ?, ?, ?, default)
Hibernate: 
    insert 
    into
        roles
        (created_at, description, is_active, permissions, role_code, role_name, updated_at, role_id) 
    values
        (?, ?, ?, ?, ?, ?, ?, default)
2025-09-05 18:03:35 - Spring test ApplicationContext cache statistics: [DefaultContextCache@77073238 size = 1, maxSize = 32, parentContextCount = 0, hitCount = 158, missCount = 1, failureCount = 0]
2025-09-05 18:03:35 - 
    insert 
    into
        users
        (is_active, created_at, department_id, email, hire_date, is_deleted, last_login_at, login_attempts, login_id, name, password, password_changed_at, phone, position_id, profile_image, status, updated_at, user_id) 
    values
        (?, ?, ?, ?, ?, ?, ?, ?, ?, ?, ?, ?, ?, ?, ?, ?, ?, default)
Hibernate: 
    insert 
    into
        users
        (is_active, created_at, department_id, email, hire_date, is_deleted, last_login_at, login_attempts, login_id, name, password, password_changed_at, phone, position_id, profile_image, status, updated_at, user_id) 
    values
        (?, ?, ?, ?, ?, ?, ?, ?, ?, ?, ?, ?, ?, ?, ?, ?, ?, default)
2025-09-05 18:03:35 - 
    insert 
    into
        user_roles
        (user_id, role_id) 
    values
        (?, ?)
Hibernate: 
    insert 
    into
        user_roles
        (user_id, role_id) 
    values
        (?, ?)
2025-09-05 18:03:35 - 
    select
        u1_0.user_id 
    from
        users u1_0 
    where
        u1_0.login_id=? 
    fetch
        first ? rows only
Hibernate: 
    select
        u1_0.user_id 
    from
        users u1_0 
    where
        u1_0.login_id=? 
    fetch
        first ? rows only
2025-09-05 18:03:35 - 
    select
        u1_0.user_id 
    from
        users u1_0 
    where
        u1_0.login_id=? 
    fetch
        first ? rows only
Hibernate: 
    select
        u1_0.user_id 
    from
        users u1_0 
    where
        u1_0.login_id=? 
    fetch
        first ? rows only
2025-09-05 18:03:35 - Spring test ApplicationContext cache statistics: [DefaultContextCache@77073238 size = 1, maxSize = 32, parentContextCount = 0, hitCount = 159, missCount = 1, failureCount = 0]
2025-09-05 18:03:35 - Spring test ApplicationContext cache statistics: [DefaultContextCache@77073238 size = 1, maxSize = 32, parentContextCount = 0, hitCount = 160, missCount = 1, failureCount = 0]
2025-09-05 18:03:35 - Spring test ApplicationContext cache statistics: [DefaultContextCache@77073238 size = 1, maxSize = 32, parentContextCount = 0, hitCount = 161, missCount = 1, failureCount = 0]
2025-09-05 18:03:35 - Spring test ApplicationContext cache statistics: [DefaultContextCache@77073238 size = 1, maxSize = 32, parentContextCount = 0, hitCount = 162, missCount = 1, failureCount = 0]
2025-09-05 18:03:35 - Spring test ApplicationContext cache statistics: [DefaultContextCache@77073238 size = 1, maxSize = 32, parentContextCount = 0, hitCount = 163, missCount = 1, failureCount = 0]
2025-09-05 18:03:35 - Spring test ApplicationContext cache statistics: [DefaultContextCache@77073238 size = 1, maxSize = 32, parentContextCount = 0, hitCount = 164, missCount = 1, failureCount = 0]
2025-09-05 18:03:35 - Spring test ApplicationContext cache statistics: [DefaultContextCache@77073238 size = 1, maxSize = 32, parentContextCount = 0, hitCount = 165, missCount = 1, failureCount = 0]
2025-09-05 18:03:35 - Spring test ApplicationContext cache statistics: [DefaultContextCache@77073238 size = 1, maxSize = 32, parentContextCount = 0, hitCount = 166, missCount = 1, failureCount = 0]
2025-09-05 18:03:35 - Rolled back transaction (1) for test class [com.liteware.repository.UserRepositoryTest]; test method [existsByLoginId]
2025-09-05 18:03:35 - After test method: class [UserRepositoryTest], method [existsByLoginId], class annotated with @DirtiesContext [false] with mode [null], method annotated with @DirtiesContext [false] with mode [null]
2025-09-05 18:03:35 - Performing dependency injection for test class com.liteware.repository.UserRepositoryTest
2025-09-05 18:03:35 - Spring test ApplicationContext cache statistics: [DefaultContextCache@77073238 size = 1, maxSize = 32, parentContextCount = 0, hitCount = 167, missCount = 1, failureCount = 0]
2025-09-05 18:03:35 - Spring test ApplicationContext cache statistics: [DefaultContextCache@77073238 size = 1, maxSize = 32, parentContextCount = 0, hitCount = 168, missCount = 1, failureCount = 0]
2025-09-05 18:03:35 - Before test method: class [UserRepositoryTest], method [findByIsDeletedFalse], class annotated with @DirtiesContext [false] with mode [null], method annotated with @DirtiesContext [false] with mode [null]
2025-09-05 18:03:35 - Explicit transaction definition [PROPAGATION_REQUIRED,ISOLATION_DEFAULT] found for test class [com.liteware.repository.UserRepositoryTest] and test method [findByIsDeletedFalse]
2025-09-05 18:03:35 - Spring test ApplicationContext cache statistics: [DefaultContextCache@77073238 size = 1, maxSize = 32, parentContextCount = 0, hitCount = 169, missCount = 1, failureCount = 0]
2025-09-05 18:03:35 - No method-level @Rollback override: using default rollback [true] for test method [void com.liteware.repository.UserRepositoryTest.findByIsDeletedFalse()]
2025-09-05 18:03:35 - Began transaction (1) for test class [com.liteware.repository.UserRepositoryTest]; test method [findByIsDeletedFalse]; transaction manager [org.springframework.orm.jpa.JpaTransactionManager@100235c7]; rollback [true]
2025-09-05 18:03:35 - Spring test ApplicationContext cache statistics: [DefaultContextCache@77073238 size = 1, maxSize = 32, parentContextCount = 0, hitCount = 170, missCount = 1, failureCount = 0]
2025-09-05 18:03:35 - Spring test ApplicationContext cache statistics: [DefaultContextCache@77073238 size = 1, maxSize = 32, parentContextCount = 0, hitCount = 171, missCount = 1, failureCount = 0]
2025-09-05 18:03:35 - Spring test ApplicationContext cache statistics: [DefaultContextCache@77073238 size = 1, maxSize = 32, parentContextCount = 0, hitCount = 172, missCount = 1, failureCount = 0]
2025-09-05 18:03:35 - 
    insert 
    into
        departments
        (created_at, dept_code, dept_level, dept_name, description, is_active, manager_id, parent_dept_id, sort_order, updated_at, dept_id) 
    values
        (?, ?, ?, ?, ?, ?, ?, ?, ?, ?, default)
Hibernate: 
    insert 
    into
        departments
        (created_at, dept_code, dept_level, dept_name, description, is_active, manager_id, parent_dept_id, sort_order, updated_at, dept_id) 
    values
        (?, ?, ?, ?, ?, ?, ?, ?, ?, ?, default)
2025-09-05 18:03:35 - 
    insert 
    into
        positions
        (created_at, description, is_active, position_code, position_level, position_name, sort_order, updated_at, position_id) 
    values
        (?, ?, ?, ?, ?, ?, ?, ?, default)
Hibernate: 
    insert 
    into
        positions
        (created_at, description, is_active, position_code, position_level, position_name, sort_order, updated_at, position_id) 
    values
        (?, ?, ?, ?, ?, ?, ?, ?, default)
2025-09-05 18:03:35 - 
    insert 
    into
        roles
        (created_at, description, is_active, permissions, role_code, role_name, updated_at, role_id) 
    values
        (?, ?, ?, ?, ?, ?, ?, default)
Hibernate: 
    insert 
    into
        roles
        (created_at, description, is_active, permissions, role_code, role_name, updated_at, role_id) 
    values
        (?, ?, ?, ?, ?, ?, ?, default)
2025-09-05 18:03:35 - Spring test ApplicationContext cache statistics: [DefaultContextCache@77073238 size = 1, maxSize = 32, parentContextCount = 0, hitCount = 173, missCount = 1, failureCount = 0]
2025-09-05 18:03:35 - 
    insert 
    into
        users
        (is_active, created_at, department_id, email, hire_date, is_deleted, last_login_at, login_attempts, login_id, name, password, password_changed_at, phone, position_id, profile_image, status, updated_at, user_id) 
    values
        (?, ?, ?, ?, ?, ?, ?, ?, ?, ?, ?, ?, ?, ?, ?, ?, ?, default)
Hibernate: 
    insert 
    into
        users
        (is_active, created_at, department_id, email, hire_date, is_deleted, last_login_at, login_attempts, login_id, name, password, password_changed_at, phone, position_id, profile_image, status, updated_at, user_id) 
    values
        (?, ?, ?, ?, ?, ?, ?, ?, ?, ?, ?, ?, ?, ?, ?, ?, ?, default)
2025-09-05 18:03:35 - 
    insert 
    into
        users
        (is_active, created_at, department_id, email, hire_date, is_deleted, last_login_at, login_attempts, login_id, name, password, password_changed_at, phone, position_id, profile_image, status, updated_at, user_id) 
    values
        (?, ?, ?, ?, ?, ?, ?, ?, ?, ?, ?, ?, ?, ?, ?, ?, ?, default)
Hibernate: 
    insert 
    into
        users
        (is_active, created_at, department_id, email, hire_date, is_deleted, last_login_at, login_attempts, login_id, name, password, password_changed_at, phone, position_id, profile_image, status, updated_at, user_id) 
    values
        (?, ?, ?, ?, ?, ?, ?, ?, ?, ?, ?, ?, ?, ?, ?, ?, ?, default)
2025-09-05 18:03:35 - 
    insert 
    into
        user_roles
        (user_id, role_id) 
    values
        (?, ?)
Hibernate: 
    insert 
    into
        user_roles
        (user_id, role_id) 
    values
        (?, ?)
2025-09-05 18:03:35 - 
    select
        u1_0.user_id,
        u1_0.is_active,
        u1_0.created_at,
        u1_0.department_id,
        u1_0.email,
        u1_0.hire_date,
        u1_0.is_deleted,
        u1_0.last_login_at,
        u1_0.login_attempts,
        u1_0.login_id,
        u1_0.name,
        u1_0.password,
        u1_0.password_changed_at,
        u1_0.phone,
        u1_0.position_id,
        u1_0.profile_image,
        u1_0.status,
        u1_0.updated_at 
    from
        users u1_0 
    where
        not(u1_0.is_deleted)
Hibernate: 
    select
        u1_0.user_id,
        u1_0.is_active,
        u1_0.created_at,
        u1_0.department_id,
        u1_0.email,
        u1_0.hire_date,
        u1_0.is_deleted,
        u1_0.last_login_at,
        u1_0.login_attempts,
        u1_0.login_id,
        u1_0.name,
        u1_0.password,
        u1_0.password_changed_at,
        u1_0.phone,
        u1_0.position_id,
        u1_0.profile_image,
        u1_0.status,
        u1_0.updated_at 
    from
        users u1_0 
    where
        not(u1_0.is_deleted)
2025-09-05 18:03:35 - Spring test ApplicationContext cache statistics: [DefaultContextCache@77073238 size = 1, maxSize = 32, parentContextCount = 0, hitCount = 174, missCount = 1, failureCount = 0]
2025-09-05 18:03:35 - Spring test ApplicationContext cache statistics: [DefaultContextCache@77073238 size = 1, maxSize = 32, parentContextCount = 0, hitCount = 175, missCount = 1, failureCount = 0]
2025-09-05 18:03:35 - Spring test ApplicationContext cache statistics: [DefaultContextCache@77073238 size = 1, maxSize = 32, parentContextCount = 0, hitCount = 176, missCount = 1, failureCount = 0]
2025-09-05 18:03:35 - Spring test ApplicationContext cache statistics: [DefaultContextCache@77073238 size = 1, maxSize = 32, parentContextCount = 0, hitCount = 177, missCount = 1, failureCount = 0]
2025-09-05 18:03:35 - Spring test ApplicationContext cache statistics: [DefaultContextCache@77073238 size = 1, maxSize = 32, parentContextCount = 0, hitCount = 178, missCount = 1, failureCount = 0]
2025-09-05 18:03:35 - Spring test ApplicationContext cache statistics: [DefaultContextCache@77073238 size = 1, maxSize = 32, parentContextCount = 0, hitCount = 179, missCount = 1, failureCount = 0]
2025-09-05 18:03:35 - Spring test ApplicationContext cache statistics: [DefaultContextCache@77073238 size = 1, maxSize = 32, parentContextCount = 0, hitCount = 180, missCount = 1, failureCount = 0]
2025-09-05 18:03:35 - Spring test ApplicationContext cache statistics: [DefaultContextCache@77073238 size = 1, maxSize = 32, parentContextCount = 0, hitCount = 181, missCount = 1, failureCount = 0]
2025-09-05 18:03:35 - Rolled back transaction (1) for test class [com.liteware.repository.UserRepositoryTest]; test method [findByIsDeletedFalse]
2025-09-05 18:03:35 - After test method: class [UserRepositoryTest], method [findByIsDeletedFalse], class annotated with @DirtiesContext [false] with mode [null], method annotated with @DirtiesContext [false] with mode [null]
2025-09-05 18:03:35 - Performing dependency injection for test class com.liteware.repository.UserRepositoryTest
2025-09-05 18:03:35 - Spring test ApplicationContext cache statistics: [DefaultContextCache@77073238 size = 1, maxSize = 32, parentContextCount = 0, hitCount = 182, missCount = 1, failureCount = 0]
2025-09-05 18:03:35 - Spring test ApplicationContext cache statistics: [DefaultContextCache@77073238 size = 1, maxSize = 32, parentContextCount = 0, hitCount = 183, missCount = 1, failureCount = 0]
2025-09-05 18:03:35 - Before test method: class [UserRepositoryTest], method [existsByEmail], class annotated with @DirtiesContext [false] with mode [null], method annotated with @DirtiesContext [false] with mode [null]
2025-09-05 18:03:35 - Explicit transaction definition [PROPAGATION_REQUIRED,ISOLATION_DEFAULT] found for test class [com.liteware.repository.UserRepositoryTest] and test method [existsByEmail]
2025-09-05 18:03:35 - Spring test ApplicationContext cache statistics: [DefaultContextCache@77073238 size = 1, maxSize = 32, parentContextCount = 0, hitCount = 184, missCount = 1, failureCount = 0]
2025-09-05 18:03:35 - No method-level @Rollback override: using default rollback [true] for test method [void com.liteware.repository.UserRepositoryTest.existsByEmail()]
2025-09-05 18:03:35 - Began transaction (1) for test class [com.liteware.repository.UserRepositoryTest]; test method [existsByEmail]; transaction manager [org.springframework.orm.jpa.JpaTransactionManager@100235c7]; rollback [true]
2025-09-05 18:03:35 - Spring test ApplicationContext cache statistics: [DefaultContextCache@77073238 size = 1, maxSize = 32, parentContextCount = 0, hitCount = 185, missCount = 1, failureCount = 0]
2025-09-05 18:03:35 - Spring test ApplicationContext cache statistics: [DefaultContextCache@77073238 size = 1, maxSize = 32, parentContextCount = 0, hitCount = 186, missCount = 1, failureCount = 0]
2025-09-05 18:03:35 - Spring test ApplicationContext cache statistics: [DefaultContextCache@77073238 size = 1, maxSize = 32, parentContextCount = 0, hitCount = 187, missCount = 1, failureCount = 0]
2025-09-05 18:03:35 - 
    insert 
    into
        departments
        (created_at, dept_code, dept_level, dept_name, description, is_active, manager_id, parent_dept_id, sort_order, updated_at, dept_id) 
    values
        (?, ?, ?, ?, ?, ?, ?, ?, ?, ?, default)
Hibernate: 
    insert 
    into
        departments
        (created_at, dept_code, dept_level, dept_name, description, is_active, manager_id, parent_dept_id, sort_order, updated_at, dept_id) 
    values
        (?, ?, ?, ?, ?, ?, ?, ?, ?, ?, default)
2025-09-05 18:03:35 - 
    insert 
    into
        positions
        (created_at, description, is_active, position_code, position_level, position_name, sort_order, updated_at, position_id) 
    values
        (?, ?, ?, ?, ?, ?, ?, ?, default)
Hibernate: 
    insert 
    into
        positions
        (created_at, description, is_active, position_code, position_level, position_name, sort_order, updated_at, position_id) 
    values
        (?, ?, ?, ?, ?, ?, ?, ?, default)
2025-09-05 18:03:35 - 
    insert 
    into
        roles
        (created_at, description, is_active, permissions, role_code, role_name, updated_at, role_id) 
    values
        (?, ?, ?, ?, ?, ?, ?, default)
Hibernate: 
    insert 
    into
        roles
        (created_at, description, is_active, permissions, role_code, role_name, updated_at, role_id) 
    values
        (?, ?, ?, ?, ?, ?, ?, default)
2025-09-05 18:03:35 - Spring test ApplicationContext cache statistics: [DefaultContextCache@77073238 size = 1, maxSize = 32, parentContextCount = 0, hitCount = 188, missCount = 1, failureCount = 0]
2025-09-05 18:03:35 - 
    insert 
    into
        users
        (is_active, created_at, department_id, email, hire_date, is_deleted, last_login_at, login_attempts, login_id, name, password, password_changed_at, phone, position_id, profile_image, status, updated_at, user_id) 
    values
        (?, ?, ?, ?, ?, ?, ?, ?, ?, ?, ?, ?, ?, ?, ?, ?, ?, default)
Hibernate: 
    insert 
    into
        users
        (is_active, created_at, department_id, email, hire_date, is_deleted, last_login_at, login_attempts, login_id, name, password, password_changed_at, phone, position_id, profile_image, status, updated_at, user_id) 
    values
        (?, ?, ?, ?, ?, ?, ?, ?, ?, ?, ?, ?, ?, ?, ?, ?, ?, default)
2025-09-05 18:03:35 - 
    insert 
    into
        user_roles
        (user_id, role_id) 
    values
        (?, ?)
Hibernate: 
    insert 
    into
        user_roles
        (user_id, role_id) 
    values
        (?, ?)
2025-09-05 18:03:35 - 
    select
        u1_0.user_id 
    from
        users u1_0 
    where
        u1_0.email=? 
    fetch
        first ? rows only
Hibernate: 
    select
        u1_0.user_id 
    from
        users u1_0 
    where
        u1_0.email=? 
    fetch
        first ? rows only
2025-09-05 18:03:35 - 
    select
        u1_0.user_id 
    from
        users u1_0 
    where
        u1_0.email=? 
    fetch
        first ? rows only
Hibernate: 
    select
        u1_0.user_id 
    from
        users u1_0 
    where
        u1_0.email=? 
    fetch
        first ? rows only
2025-09-05 18:03:35 - Spring test ApplicationContext cache statistics: [DefaultContextCache@77073238 size = 1, maxSize = 32, parentContextCount = 0, hitCount = 189, missCount = 1, failureCount = 0]
2025-09-05 18:03:35 - Spring test ApplicationContext cache statistics: [DefaultContextCache@77073238 size = 1, maxSize = 32, parentContextCount = 0, hitCount = 190, missCount = 1, failureCount = 0]
2025-09-05 18:03:35 - Spring test ApplicationContext cache statistics: [DefaultContextCache@77073238 size = 1, maxSize = 32, parentContextCount = 0, hitCount = 191, missCount = 1, failureCount = 0]
2025-09-05 18:03:35 - Spring test ApplicationContext cache statistics: [DefaultContextCache@77073238 size = 1, maxSize = 32, parentContextCount = 0, hitCount = 192, missCount = 1, failureCount = 0]
2025-09-05 18:03:35 - Spring test ApplicationContext cache statistics: [DefaultContextCache@77073238 size = 1, maxSize = 32, parentContextCount = 0, hitCount = 193, missCount = 1, failureCount = 0]
2025-09-05 18:03:35 - Spring test ApplicationContext cache statistics: [DefaultContextCache@77073238 size = 1, maxSize = 32, parentContextCount = 0, hitCount = 194, missCount = 1, failureCount = 0]
2025-09-05 18:03:35 - Spring test ApplicationContext cache statistics: [DefaultContextCache@77073238 size = 1, maxSize = 32, parentContextCount = 0, hitCount = 195, missCount = 1, failureCount = 0]
2025-09-05 18:03:35 - Spring test ApplicationContext cache statistics: [DefaultContextCache@77073238 size = 1, maxSize = 32, parentContextCount = 0, hitCount = 196, missCount = 1, failureCount = 0]
2025-09-05 18:03:35 - Rolled back transaction (1) for test class [com.liteware.repository.UserRepositoryTest]; test method [existsByEmail]
2025-09-05 18:03:35 - After test method: class [UserRepositoryTest], method [existsByEmail], class annotated with @DirtiesContext [false] with mode [null], method annotated with @DirtiesContext [false] with mode [null]
2025-09-05 18:03:35 - Performing dependency injection for test class com.liteware.repository.UserRepositoryTest
2025-09-05 18:03:35 - Spring test ApplicationContext cache statistics: [DefaultContextCache@77073238 size = 1, maxSize = 32, parentContextCount = 0, hitCount = 197, missCount = 1, failureCount = 0]
2025-09-05 18:03:35 - Spring test ApplicationContext cache statistics: [DefaultContextCache@77073238 size = 1, maxSize = 32, parentContextCount = 0, hitCount = 198, missCount = 1, failureCount = 0]
2025-09-05 18:03:35 - Before test method: class [UserRepositoryTest], method [findByNameContaining], class annotated with @DirtiesContext [false] with mode [null], method annotated with @DirtiesContext [false] with mode [null]
2025-09-05 18:03:35 - Explicit transaction definition [PROPAGATION_REQUIRED,ISOLATION_DEFAULT] found for test class [com.liteware.repository.UserRepositoryTest] and test method [findByNameContaining]
2025-09-05 18:03:35 - Spring test ApplicationContext cache statistics: [DefaultContextCache@77073238 size = 1, maxSize = 32, parentContextCount = 0, hitCount = 199, missCount = 1, failureCount = 0]
2025-09-05 18:03:35 - No method-level @Rollback override: using default rollback [true] for test method [void com.liteware.repository.UserRepositoryTest.findByNameContaining()]
2025-09-05 18:03:35 - Began transaction (1) for test class [com.liteware.repository.UserRepositoryTest]; test method [findByNameContaining]; transaction manager [org.springframework.orm.jpa.JpaTransactionManager@100235c7]; rollback [true]
2025-09-05 18:03:35 - Spring test ApplicationContext cache statistics: [DefaultContextCache@77073238 size = 1, maxSize = 32, parentContextCount = 0, hitCount = 200, missCount = 1, failureCount = 0]
2025-09-05 18:03:35 - Spring test ApplicationContext cache statistics: [DefaultContextCache@77073238 size = 1, maxSize = 32, parentContextCount = 0, hitCount = 201, missCount = 1, failureCount = 0]
2025-09-05 18:03:35 - Spring test ApplicationContext cache statistics: [DefaultContextCache@77073238 size = 1, maxSize = 32, parentContextCount = 0, hitCount = 202, missCount = 1, failureCount = 0]
2025-09-05 18:03:35 - 
    insert 
    into
        departments
        (created_at, dept_code, dept_level, dept_name, description, is_active, manager_id, parent_dept_id, sort_order, updated_at, dept_id) 
    values
        (?, ?, ?, ?, ?, ?, ?, ?, ?, ?, default)
Hibernate: 
    insert 
    into
        departments
        (created_at, dept_code, dept_level, dept_name, description, is_active, manager_id, parent_dept_id, sort_order, updated_at, dept_id) 
    values
        (?, ?, ?, ?, ?, ?, ?, ?, ?, ?, default)
2025-09-05 18:03:35 - 
    insert 
    into
        positions
        (created_at, description, is_active, position_code, position_level, position_name, sort_order, updated_at, position_id) 
    values
        (?, ?, ?, ?, ?, ?, ?, ?, default)
Hibernate: 
    insert 
    into
        positions
        (created_at, description, is_active, position_code, position_level, position_name, sort_order, updated_at, position_id) 
    values
        (?, ?, ?, ?, ?, ?, ?, ?, default)
2025-09-05 18:03:35 - 
    insert 
    into
        roles
        (created_at, description, is_active, permissions, role_code, role_name, updated_at, role_id) 
    values
        (?, ?, ?, ?, ?, ?, ?, default)
Hibernate: 
    insert 
    into
        roles
        (created_at, description, is_active, permissions, role_code, role_name, updated_at, role_id) 
    values
        (?, ?, ?, ?, ?, ?, ?, default)
2025-09-05 18:03:35 - Spring test ApplicationContext cache statistics: [DefaultContextCache@77073238 size = 1, maxSize = 32, parentContextCount = 0, hitCount = 203, missCount = 1, failureCount = 0]
2025-09-05 18:03:35 - 
    insert 
    into
        users
        (is_active, created_at, department_id, email, hire_date, is_deleted, last_login_at, login_attempts, login_id, name, password, password_changed_at, phone, position_id, profile_image, status, updated_at, user_id) 
    values
        (?, ?, ?, ?, ?, ?, ?, ?, ?, ?, ?, ?, ?, ?, ?, ?, ?, default)
Hibernate: 
    insert 
    into
        users
        (is_active, created_at, department_id, email, hire_date, is_deleted, last_login_at, login_attempts, login_id, name, password, password_changed_at, phone, position_id, profile_image, status, updated_at, user_id) 
    values
        (?, ?, ?, ?, ?, ?, ?, ?, ?, ?, ?, ?, ?, ?, ?, ?, ?, default)
2025-09-05 18:03:35 - 
    insert 
    into
        user_roles
        (user_id, role_id) 
    values
        (?, ?)
Hibernate: 
    insert 
    into
        user_roles
        (user_id, role_id) 
    values
        (?, ?)
2025-09-05 18:03:35 - 
    select
        u1_0.user_id,
        u1_0.is_active,
        u1_0.created_at,
        u1_0.department_id,
        u1_0.email,
        u1_0.hire_date,
        u1_0.is_deleted,
        u1_0.last_login_at,
        u1_0.login_attempts,
        u1_0.login_id,
        u1_0.name,
        u1_0.password,
        u1_0.password_changed_at,
        u1_0.phone,
        u1_0.position_id,
        u1_0.profile_image,
        u1_0.status,
        u1_0.updated_at 
    from
        users u1_0 
    where
        u1_0.name like ? escape '\'
Hibernate: 
    select
        u1_0.user_id,
        u1_0.is_active,
        u1_0.created_at,
        u1_0.department_id,
        u1_0.email,
        u1_0.hire_date,
        u1_0.is_deleted,
        u1_0.last_login_at,
        u1_0.login_attempts,
        u1_0.login_id,
        u1_0.name,
        u1_0.password,
        u1_0.password_changed_at,
        u1_0.phone,
        u1_0.position_id,
        u1_0.profile_image,
        u1_0.status,
        u1_0.updated_at 
    from
        users u1_0 
    where
        u1_0.name like ? escape '\'
2025-09-05 18:03:35 - Spring test ApplicationContext cache statistics: [DefaultContextCache@77073238 size = 1, maxSize = 32, parentContextCount = 0, hitCount = 204, missCount = 1, failureCount = 0]
2025-09-05 18:03:35 - Spring test ApplicationContext cache statistics: [DefaultContextCache@77073238 size = 1, maxSize = 32, parentContextCount = 0, hitCount = 205, missCount = 1, failureCount = 0]
2025-09-05 18:03:35 - Spring test ApplicationContext cache statistics: [DefaultContextCache@77073238 size = 1, maxSize = 32, parentContextCount = 0, hitCount = 206, missCount = 1, failureCount = 0]
2025-09-05 18:03:35 - Spring test ApplicationContext cache statistics: [DefaultContextCache@77073238 size = 1, maxSize = 32, parentContextCount = 0, hitCount = 207, missCount = 1, failureCount = 0]
2025-09-05 18:03:35 - Spring test ApplicationContext cache statistics: [DefaultContextCache@77073238 size = 1, maxSize = 32, parentContextCount = 0, hitCount = 208, missCount = 1, failureCount = 0]
2025-09-05 18:03:35 - Spring test ApplicationContext cache statistics: [DefaultContextCache@77073238 size = 1, maxSize = 32, parentContextCount = 0, hitCount = 209, missCount = 1, failureCount = 0]
2025-09-05 18:03:35 - Spring test ApplicationContext cache statistics: [DefaultContextCache@77073238 size = 1, maxSize = 32, parentContextCount = 0, hitCount = 210, missCount = 1, failureCount = 0]
2025-09-05 18:03:35 - Spring test ApplicationContext cache statistics: [DefaultContextCache@77073238 size = 1, maxSize = 32, parentContextCount = 0, hitCount = 211, missCount = 1, failureCount = 0]
2025-09-05 18:03:35 - Rolled back transaction (1) for test class [com.liteware.repository.UserRepositoryTest]; test method [findByNameContaining]
2025-09-05 18:03:35 - After test method: class [UserRepositoryTest], method [findByNameContaining], class annotated with @DirtiesContext [false] with mode [null], method annotated with @DirtiesContext [false] with mode [null]
2025-09-05 18:03:35 - Performing dependency injection for test class com.liteware.repository.UserRepositoryTest
2025-09-05 18:03:35 - Spring test ApplicationContext cache statistics: [DefaultContextCache@77073238 size = 1, maxSize = 32, parentContextCount = 0, hitCount = 212, missCount = 1, failureCount = 0]
2025-09-05 18:03:35 - Spring test ApplicationContext cache statistics: [DefaultContextCache@77073238 size = 1, maxSize = 32, parentContextCount = 0, hitCount = 213, missCount = 1, failureCount = 0]
2025-09-05 18:03:35 - Before test method: class [UserRepositoryTest], method [findByDepartment], class annotated with @DirtiesContext [false] with mode [null], method annotated with @DirtiesContext [false] with mode [null]
2025-09-05 18:03:35 - Explicit transaction definition [PROPAGATION_REQUIRED,ISOLATION_DEFAULT] found for test class [com.liteware.repository.UserRepositoryTest] and test method [findByDepartment]
2025-09-05 18:03:35 - Spring test ApplicationContext cache statistics: [DefaultContextCache@77073238 size = 1, maxSize = 32, parentContextCount = 0, hitCount = 214, missCount = 1, failureCount = 0]
2025-09-05 18:03:35 - No method-level @Rollback override: using default rollback [true] for test method [void com.liteware.repository.UserRepositoryTest.findByDepartment()]
2025-09-05 18:03:35 - Began transaction (1) for test class [com.liteware.repository.UserRepositoryTest]; test method [findByDepartment]; transaction manager [org.springframework.orm.jpa.JpaTransactionManager@100235c7]; rollback [true]
2025-09-05 18:03:35 - Spring test ApplicationContext cache statistics: [DefaultContextCache@77073238 size = 1, maxSize = 32, parentContextCount = 0, hitCount = 215, missCount = 1, failureCount = 0]
2025-09-05 18:03:35 - Spring test ApplicationContext cache statistics: [DefaultContextCache@77073238 size = 1, maxSize = 32, parentContextCount = 0, hitCount = 216, missCount = 1, failureCount = 0]
2025-09-05 18:03:35 - Spring test ApplicationContext cache statistics: [DefaultContextCache@77073238 size = 1, maxSize = 32, parentContextCount = 0, hitCount = 217, missCount = 1, failureCount = 0]
2025-09-05 18:03:35 - 
    insert 
    into
        departments
        (created_at, dept_code, dept_level, dept_name, description, is_active, manager_id, parent_dept_id, sort_order, updated_at, dept_id) 
    values
        (?, ?, ?, ?, ?, ?, ?, ?, ?, ?, default)
Hibernate: 
    insert 
    into
        departments
        (created_at, dept_code, dept_level, dept_name, description, is_active, manager_id, parent_dept_id, sort_order, updated_at, dept_id) 
    values
        (?, ?, ?, ?, ?, ?, ?, ?, ?, ?, default)
2025-09-05 18:03:35 - 
    insert 
    into
        positions
        (created_at, description, is_active, position_code, position_level, position_name, sort_order, updated_at, position_id) 
    values
        (?, ?, ?, ?, ?, ?, ?, ?, default)
Hibernate: 
    insert 
    into
        positions
        (created_at, description, is_active, position_code, position_level, position_name, sort_order, updated_at, position_id) 
    values
        (?, ?, ?, ?, ?, ?, ?, ?, default)
2025-09-05 18:03:35 - 
    insert 
    into
        roles
        (created_at, description, is_active, permissions, role_code, role_name, updated_at, role_id) 
    values
        (?, ?, ?, ?, ?, ?, ?, default)
Hibernate: 
    insert 
    into
        roles
        (created_at, description, is_active, permissions, role_code, role_name, updated_at, role_id) 
    values
        (?, ?, ?, ?, ?, ?, ?, default)
2025-09-05 18:03:35 - Spring test ApplicationContext cache statistics: [DefaultContextCache@77073238 size = 1, maxSize = 32, parentContextCount = 0, hitCount = 218, missCount = 1, failureCount = 0]
2025-09-05 18:03:35 - 
    insert 
    into
        users
        (is_active, created_at, department_id, email, hire_date, is_deleted, last_login_at, login_attempts, login_id, name, password, password_changed_at, phone, position_id, profile_image, status, updated_at, user_id) 
    values
        (?, ?, ?, ?, ?, ?, ?, ?, ?, ?, ?, ?, ?, ?, ?, ?, ?, default)
Hibernate: 
    insert 
    into
        users
        (is_active, created_at, department_id, email, hire_date, is_deleted, last_login_at, login_attempts, login_id, name, password, password_changed_at, phone, position_id, profile_image, status, updated_at, user_id) 
    values
        (?, ?, ?, ?, ?, ?, ?, ?, ?, ?, ?, ?, ?, ?, ?, ?, ?, default)
2025-09-05 18:03:35 - 
    insert 
    into
        users
        (is_active, created_at, department_id, email, hire_date, is_deleted, last_login_at, login_attempts, login_id, name, password, password_changed_at, phone, position_id, profile_image, status, updated_at, user_id) 
    values
        (?, ?, ?, ?, ?, ?, ?, ?, ?, ?, ?, ?, ?, ?, ?, ?, ?, default)
Hibernate: 
    insert 
    into
        users
        (is_active, created_at, department_id, email, hire_date, is_deleted, last_login_at, login_attempts, login_id, name, password, password_changed_at, phone, position_id, profile_image, status, updated_at, user_id) 
    values
        (?, ?, ?, ?, ?, ?, ?, ?, ?, ?, ?, ?, ?, ?, ?, ?, ?, default)
2025-09-05 18:03:35 - 
    insert 
    into
        user_roles
        (user_id, role_id) 
    values
        (?, ?)
Hibernate: 
    insert 
    into
        user_roles
        (user_id, role_id) 
    values
        (?, ?)
2025-09-05 18:03:35 - 
    select
        u1_0.user_id,
        u1_0.is_active,
        u1_0.created_at,
        u1_0.department_id,
        u1_0.email,
        u1_0.hire_date,
        u1_0.is_deleted,
        u1_0.last_login_at,
        u1_0.login_attempts,
        u1_0.login_id,
        u1_0.name,
        u1_0.password,
        u1_0.password_changed_at,
        u1_0.phone,
        u1_0.position_id,
        u1_0.profile_image,
        u1_0.status,
        u1_0.updated_at 
    from
        users u1_0 
    where
        u1_0.department_id=?
Hibernate: 
    select
        u1_0.user_id,
        u1_0.is_active,
        u1_0.created_at,
        u1_0.department_id,
        u1_0.email,
        u1_0.hire_date,
        u1_0.is_deleted,
        u1_0.last_login_at,
        u1_0.login_attempts,
        u1_0.login_id,
        u1_0.name,
        u1_0.password,
        u1_0.password_changed_at,
        u1_0.phone,
        u1_0.position_id,
        u1_0.profile_image,
        u1_0.status,
        u1_0.updated_at 
    from
        users u1_0 
    where
        u1_0.department_id=?
2025-09-05 18:03:35 - Spring test ApplicationContext cache statistics: [DefaultContextCache@77073238 size = 1, maxSize = 32, parentContextCount = 0, hitCount = 219, missCount = 1, failureCount = 0]
2025-09-05 18:03:35 - Spring test ApplicationContext cache statistics: [DefaultContextCache@77073238 size = 1, maxSize = 32, parentContextCount = 0, hitCount = 220, missCount = 1, failureCount = 0]
2025-09-05 18:03:35 - Spring test ApplicationContext cache statistics: [DefaultContextCache@77073238 size = 1, maxSize = 32, parentContextCount = 0, hitCount = 221, missCount = 1, failureCount = 0]
2025-09-05 18:03:35 - Spring test ApplicationContext cache statistics: [DefaultContextCache@77073238 size = 1, maxSize = 32, parentContextCount = 0, hitCount = 222, missCount = 1, failureCount = 0]
2025-09-05 18:03:35 - Spring test ApplicationContext cache statistics: [DefaultContextCache@77073238 size = 1, maxSize = 32, parentContextCount = 0, hitCount = 223, missCount = 1, failureCount = 0]
2025-09-05 18:03:35 - Spring test ApplicationContext cache statistics: [DefaultContextCache@77073238 size = 1, maxSize = 32, parentContextCount = 0, hitCount = 224, missCount = 1, failureCount = 0]
2025-09-05 18:03:35 - Spring test ApplicationContext cache statistics: [DefaultContextCache@77073238 size = 1, maxSize = 32, parentContextCount = 0, hitCount = 225, missCount = 1, failureCount = 0]
2025-09-05 18:03:35 - Spring test ApplicationContext cache statistics: [DefaultContextCache@77073238 size = 1, maxSize = 32, parentContextCount = 0, hitCount = 226, missCount = 1, failureCount = 0]
2025-09-05 18:03:35 - Rolled back transaction (1) for test class [com.liteware.repository.UserRepositoryTest]; test method [findByDepartment]
2025-09-05 18:03:35 - After test method: class [UserRepositoryTest], method [findByDepartment], class annotated with @DirtiesContext [false] with mode [null], method annotated with @DirtiesContext [false] with mode [null]
2025-09-05 18:03:35 - Performing dependency injection for test class com.liteware.repository.UserRepositoryTest
2025-09-05 18:03:35 - Spring test ApplicationContext cache statistics: [DefaultContextCache@77073238 size = 1, maxSize = 32, parentContextCount = 0, hitCount = 227, missCount = 1, failureCount = 0]
2025-09-05 18:03:35 - Spring test ApplicationContext cache statistics: [DefaultContextCache@77073238 size = 1, maxSize = 32, parentContextCount = 0, hitCount = 228, missCount = 1, failureCount = 0]
2025-09-05 18:03:35 - Before test method: class [UserRepositoryTest], method [findAllWithPaging], class annotated with @DirtiesContext [false] with mode [null], method annotated with @DirtiesContext [false] with mode [null]
2025-09-05 18:03:35 - Explicit transaction definition [PROPAGATION_REQUIRED,ISOLATION_DEFAULT] found for test class [com.liteware.repository.UserRepositoryTest] and test method [findAllWithPaging]
2025-09-05 18:03:35 - Spring test ApplicationContext cache statistics: [DefaultContextCache@77073238 size = 1, maxSize = 32, parentContextCount = 0, hitCount = 229, missCount = 1, failureCount = 0]
2025-09-05 18:03:35 - No method-level @Rollback override: using default rollback [true] for test method [void com.liteware.repository.UserRepositoryTest.findAllWithPaging()]
2025-09-05 18:03:35 - Began transaction (1) for test class [com.liteware.repository.UserRepositoryTest]; test method [findAllWithPaging]; transaction manager [org.springframework.orm.jpa.JpaTransactionManager@100235c7]; rollback [true]
2025-09-05 18:03:35 - Spring test ApplicationContext cache statistics: [DefaultContextCache@77073238 size = 1, maxSize = 32, parentContextCount = 0, hitCount = 230, missCount = 1, failureCount = 0]
2025-09-05 18:03:35 - Spring test ApplicationContext cache statistics: [DefaultContextCache@77073238 size = 1, maxSize = 32, parentContextCount = 0, hitCount = 231, missCount = 1, failureCount = 0]
2025-09-05 18:03:35 - Spring test ApplicationContext cache statistics: [DefaultContextCache@77073238 size = 1, maxSize = 32, parentContextCount = 0, hitCount = 232, missCount = 1, failureCount = 0]
2025-09-05 18:03:35 - 
    insert 
    into
        departments
        (created_at, dept_code, dept_level, dept_name, description, is_active, manager_id, parent_dept_id, sort_order, updated_at, dept_id) 
    values
        (?, ?, ?, ?, ?, ?, ?, ?, ?, ?, default)
Hibernate: 
    insert 
    into
        departments
        (created_at, dept_code, dept_level, dept_name, description, is_active, manager_id, parent_dept_id, sort_order, updated_at, dept_id) 
    values
        (?, ?, ?, ?, ?, ?, ?, ?, ?, ?, default)
2025-09-05 18:03:35 - 
    insert 
    into
        positions
        (created_at, description, is_active, position_code, position_level, position_name, sort_order, updated_at, position_id) 
    values
        (?, ?, ?, ?, ?, ?, ?, ?, default)
Hibernate: 
    insert 
    into
        positions
        (created_at, description, is_active, position_code, position_level, position_name, sort_order, updated_at, position_id) 
    values
        (?, ?, ?, ?, ?, ?, ?, ?, default)
2025-09-05 18:03:35 - 
    insert 
    into
        roles
        (created_at, description, is_active, permissions, role_code, role_name, updated_at, role_id) 
    values
        (?, ?, ?, ?, ?, ?, ?, default)
Hibernate: 
    insert 
    into
        roles
        (created_at, description, is_active, permissions, role_code, role_name, updated_at, role_id) 
    values
        (?, ?, ?, ?, ?, ?, ?, default)
2025-09-05 18:03:35 - Spring test ApplicationContext cache statistics: [DefaultContextCache@77073238 size = 1, maxSize = 32, parentContextCount = 0, hitCount = 233, missCount = 1, failureCount = 0]
2025-09-05 18:03:35 - 
    insert 
    into
        users
        (is_active, created_at, department_id, email, hire_date, is_deleted, last_login_at, login_attempts, login_id, name, password, password_changed_at, phone, position_id, profile_image, status, updated_at, user_id) 
    values
        (?, ?, ?, ?, ?, ?, ?, ?, ?, ?, ?, ?, ?, ?, ?, ?, ?, default)
Hibernate: 
    insert 
    into
        users
        (is_active, created_at, department_id, email, hire_date, is_deleted, last_login_at, login_attempts, login_id, name, password, password_changed_at, phone, position_id, profile_image, status, updated_at, user_id) 
    values
        (?, ?, ?, ?, ?, ?, ?, ?, ?, ?, ?, ?, ?, ?, ?, ?, ?, default)
2025-09-05 18:03:35 - 
    insert 
    into
        users
        (is_active, created_at, department_id, email, hire_date, is_deleted, last_login_at, login_attempts, login_id, name, password, password_changed_at, phone, position_id, profile_image, status, updated_at, user_id) 
    values
        (?, ?, ?, ?, ?, ?, ?, ?, ?, ?, ?, ?, ?, ?, ?, ?, ?, default)
Hibernate: 
    insert 
    into
        users
        (is_active, created_at, department_id, email, hire_date, is_deleted, last_login_at, login_attempts, login_id, name, password, password_changed_at, phone, position_id, profile_image, status, updated_at, user_id) 
    values
        (?, ?, ?, ?, ?, ?, ?, ?, ?, ?, ?, ?, ?, ?, ?, ?, ?, default)
2025-09-05 18:03:35 - 
    insert 
    into
        users
        (is_active, created_at, department_id, email, hire_date, is_deleted, last_login_at, login_attempts, login_id, name, password, password_changed_at, phone, position_id, profile_image, status, updated_at, user_id) 
    values
        (?, ?, ?, ?, ?, ?, ?, ?, ?, ?, ?, ?, ?, ?, ?, ?, ?, default)
Hibernate: 
    insert 
    into
        users
        (is_active, created_at, department_id, email, hire_date, is_deleted, last_login_at, login_attempts, login_id, name, password, password_changed_at, phone, position_id, profile_image, status, updated_at, user_id) 
    values
        (?, ?, ?, ?, ?, ?, ?, ?, ?, ?, ?, ?, ?, ?, ?, ?, ?, default)
2025-09-05 18:03:35 - 
    insert 
    into
        users
        (is_active, created_at, department_id, email, hire_date, is_deleted, last_login_at, login_attempts, login_id, name, password, password_changed_at, phone, position_id, profile_image, status, updated_at, user_id) 
    values
        (?, ?, ?, ?, ?, ?, ?, ?, ?, ?, ?, ?, ?, ?, ?, ?, ?, default)
Hibernate: 
    insert 
    into
        users
        (is_active, created_at, department_id, email, hire_date, is_deleted, last_login_at, login_attempts, login_id, name, password, password_changed_at, phone, position_id, profile_image, status, updated_at, user_id) 
    values
        (?, ?, ?, ?, ?, ?, ?, ?, ?, ?, ?, ?, ?, ?, ?, ?, ?, default)
2025-09-05 18:03:35 - 
    insert 
    into
        users
        (is_active, created_at, department_id, email, hire_date, is_deleted, last_login_at, login_attempts, login_id, name, password, password_changed_at, phone, position_id, profile_image, status, updated_at, user_id) 
    values
        (?, ?, ?, ?, ?, ?, ?, ?, ?, ?, ?, ?, ?, ?, ?, ?, ?, default)
Hibernate: 
    insert 
    into
        users
        (is_active, created_at, department_id, email, hire_date, is_deleted, last_login_at, login_attempts, login_id, name, password, password_changed_at, phone, position_id, profile_image, status, updated_at, user_id) 
    values
        (?, ?, ?, ?, ?, ?, ?, ?, ?, ?, ?, ?, ?, ?, ?, ?, ?, default)
2025-09-05 18:03:35 - 
    select
        u1_0.user_id,
        u1_0.is_active,
        u1_0.created_at,
        u1_0.department_id,
        u1_0.email,
        u1_0.hire_date,
        u1_0.is_deleted,
        u1_0.last_login_at,
        u1_0.login_attempts,
        u1_0.login_id,
        u1_0.name,
        u1_0.password,
        u1_0.password_changed_at,
        u1_0.phone,
        u1_0.position_id,
        u1_0.profile_image,
        u1_0.status,
        u1_0.updated_at 
    from
        users u1_0 
    offset
        ? rows 
    fetch
        first ? rows only
Hibernate: 
    select
        u1_0.user_id,
        u1_0.is_active,
        u1_0.created_at,
        u1_0.department_id,
        u1_0.email,
        u1_0.hire_date,
        u1_0.is_deleted,
        u1_0.last_login_at,
        u1_0.login_attempts,
        u1_0.login_id,
        u1_0.name,
        u1_0.password,
        u1_0.password_changed_at,
        u1_0.phone,
        u1_0.position_id,
        u1_0.profile_image,
        u1_0.status,
        u1_0.updated_at 
    from
        users u1_0 
    offset
        ? rows 
    fetch
        first ? rows only
2025-09-05 18:03:35 - 
    select
        count(u1_0.user_id) 
    from
        users u1_0
Hibernate: 
    select
        count(u1_0.user_id) 
    from
        users u1_0
2025-09-05 18:03:35 - Spring test ApplicationContext cache statistics: [DefaultContextCache@77073238 size = 1, maxSize = 32, parentContextCount = 0, hitCount = 234, missCount = 1, failureCount = 0]
2025-09-05 18:03:35 - Spring test ApplicationContext cache statistics: [DefaultContextCache@77073238 size = 1, maxSize = 32, parentContextCount = 0, hitCount = 235, missCount = 1, failureCount = 0]
2025-09-05 18:03:35 - Spring test ApplicationContext cache statistics: [DefaultContextCache@77073238 size = 1, maxSize = 32, parentContextCount = 0, hitCount = 236, missCount = 1, failureCount = 0]
2025-09-05 18:03:35 - Spring test ApplicationContext cache statistics: [DefaultContextCache@77073238 size = 1, maxSize = 32, parentContextCount = 0, hitCount = 237, missCount = 1, failureCount = 0]
2025-09-05 18:03:35 - Spring test ApplicationContext cache statistics: [DefaultContextCache@77073238 size = 1, maxSize = 32, parentContextCount = 0, hitCount = 238, missCount = 1, failureCount = 0]
2025-09-05 18:03:35 - Spring test ApplicationContext cache statistics: [DefaultContextCache@77073238 size = 1, maxSize = 32, parentContextCount = 0, hitCount = 239, missCount = 1, failureCount = 0]
2025-09-05 18:03:35 - Spring test ApplicationContext cache statistics: [DefaultContextCache@77073238 size = 1, maxSize = 32, parentContextCount = 0, hitCount = 240, missCount = 1, failureCount = 0]
2025-09-05 18:03:35 - Spring test ApplicationContext cache statistics: [DefaultContextCache@77073238 size = 1, maxSize = 32, parentContextCount = 0, hitCount = 241, missCount = 1, failureCount = 0]
2025-09-05 18:03:35 - Rolled back transaction (1) for test class [com.liteware.repository.UserRepositoryTest]; test method [findAllWithPaging]
2025-09-05 18:03:35 - After test method: class [UserRepositoryTest], method [findAllWithPaging], class annotated with @DirtiesContext [false] with mode [null], method annotated with @DirtiesContext [false] with mode [null]
2025-09-05 18:03:35 - Performing dependency injection for test class com.liteware.repository.UserRepositoryTest
2025-09-05 18:03:35 - Spring test ApplicationContext cache statistics: [DefaultContextCache@77073238 size = 1, maxSize = 32, parentContextCount = 0, hitCount = 242, missCount = 1, failureCount = 0]
2025-09-05 18:03:35 - Spring test ApplicationContext cache statistics: [DefaultContextCache@77073238 size = 1, maxSize = 32, parentContextCount = 0, hitCount = 243, missCount = 1, failureCount = 0]
2025-09-05 18:03:35 - Before test method: class [UserRepositoryTest], method [findByEmail], class annotated with @DirtiesContext [false] with mode [null], method annotated with @DirtiesContext [false] with mode [null]
2025-09-05 18:03:35 - Explicit transaction definition [PROPAGATION_REQUIRED,ISOLATION_DEFAULT] found for test class [com.liteware.repository.UserRepositoryTest] and test method [findByEmail]
2025-09-05 18:03:35 - Spring test ApplicationContext cache statistics: [DefaultContextCache@77073238 size = 1, maxSize = 32, parentContextCount = 0, hitCount = 244, missCount = 1, failureCount = 0]
2025-09-05 18:03:35 - No method-level @Rollback override: using default rollback [true] for test method [void com.liteware.repository.UserRepositoryTest.findByEmail()]
2025-09-05 18:03:35 - Began transaction (1) for test class [com.liteware.repository.UserRepositoryTest]; test method [findByEmail]; transaction manager [org.springframework.orm.jpa.JpaTransactionManager@100235c7]; rollback [true]
2025-09-05 18:03:35 - Spring test ApplicationContext cache statistics: [DefaultContextCache@77073238 size = 1, maxSize = 32, parentContextCount = 0, hitCount = 245, missCount = 1, failureCount = 0]
2025-09-05 18:03:35 - Spring test ApplicationContext cache statistics: [DefaultContextCache@77073238 size = 1, maxSize = 32, parentContextCount = 0, hitCount = 246, missCount = 1, failureCount = 0]
2025-09-05 18:03:35 - Spring test ApplicationContext cache statistics: [DefaultContextCache@77073238 size = 1, maxSize = 32, parentContextCount = 0, hitCount = 247, missCount = 1, failureCount = 0]
2025-09-05 18:03:35 - 
    insert 
    into
        departments
        (created_at, dept_code, dept_level, dept_name, description, is_active, manager_id, parent_dept_id, sort_order, updated_at, dept_id) 
    values
        (?, ?, ?, ?, ?, ?, ?, ?, ?, ?, default)
Hibernate: 
    insert 
    into
        departments
        (created_at, dept_code, dept_level, dept_name, description, is_active, manager_id, parent_dept_id, sort_order, updated_at, dept_id) 
    values
        (?, ?, ?, ?, ?, ?, ?, ?, ?, ?, default)
2025-09-05 18:03:35 - 
    insert 
    into
        positions
        (created_at, description, is_active, position_code, position_level, position_name, sort_order, updated_at, position_id) 
    values
        (?, ?, ?, ?, ?, ?, ?, ?, default)
Hibernate: 
    insert 
    into
        positions
        (created_at, description, is_active, position_code, position_level, position_name, sort_order, updated_at, position_id) 
    values
        (?, ?, ?, ?, ?, ?, ?, ?, default)
2025-09-05 18:03:35 - 
    insert 
    into
        roles
        (created_at, description, is_active, permissions, role_code, role_name, updated_at, role_id) 
    values
        (?, ?, ?, ?, ?, ?, ?, default)
Hibernate: 
    insert 
    into
        roles
        (created_at, description, is_active, permissions, role_code, role_name, updated_at, role_id) 
    values
        (?, ?, ?, ?, ?, ?, ?, default)
2025-09-05 18:03:35 - Spring test ApplicationContext cache statistics: [DefaultContextCache@77073238 size = 1, maxSize = 32, parentContextCount = 0, hitCount = 248, missCount = 1, failureCount = 0]
2025-09-05 18:03:35 - 
    insert 
    into
        users
        (is_active, created_at, department_id, email, hire_date, is_deleted, last_login_at, login_attempts, login_id, name, password, password_changed_at, phone, position_id, profile_image, status, updated_at, user_id) 
    values
        (?, ?, ?, ?, ?, ?, ?, ?, ?, ?, ?, ?, ?, ?, ?, ?, ?, default)
Hibernate: 
    insert 
    into
        users
        (is_active, created_at, department_id, email, hire_date, is_deleted, last_login_at, login_attempts, login_id, name, password, password_changed_at, phone, position_id, profile_image, status, updated_at, user_id) 
    values
        (?, ?, ?, ?, ?, ?, ?, ?, ?, ?, ?, ?, ?, ?, ?, ?, ?, default)
2025-09-05 18:03:35 - 
    insert 
    into
        user_roles
        (user_id, role_id) 
    values
        (?, ?)
Hibernate: 
    insert 
    into
        user_roles
        (user_id, role_id) 
    values
        (?, ?)
2025-09-05 18:03:35 - 
    select
        u1_0.user_id,
        u1_0.is_active,
        u1_0.created_at,
        u1_0.department_id,
        u1_0.email,
        u1_0.hire_date,
        u1_0.is_deleted,
        u1_0.last_login_at,
        u1_0.login_attempts,
        u1_0.login_id,
        u1_0.name,
        u1_0.password,
        u1_0.password_changed_at,
        u1_0.phone,
        u1_0.position_id,
        u1_0.profile_image,
        u1_0.status,
        u1_0.updated_at 
    from
        users u1_0 
    where
        u1_0.email=?
Hibernate: 
    select
        u1_0.user_id,
        u1_0.is_active,
        u1_0.created_at,
        u1_0.department_id,
        u1_0.email,
        u1_0.hire_date,
        u1_0.is_deleted,
        u1_0.last_login_at,
        u1_0.login_attempts,
        u1_0.login_id,
        u1_0.name,
        u1_0.password,
        u1_0.password_changed_at,
        u1_0.phone,
        u1_0.position_id,
        u1_0.profile_image,
        u1_0.status,
        u1_0.updated_at 
    from
        users u1_0 
    where
        u1_0.email=?
2025-09-05 18:03:35 - Spring test ApplicationContext cache statistics: [DefaultContextCache@77073238 size = 1, maxSize = 32, parentContextCount = 0, hitCount = 249, missCount = 1, failureCount = 0]
2025-09-05 18:03:35 - Spring test ApplicationContext cache statistics: [DefaultContextCache@77073238 size = 1, maxSize = 32, parentContextCount = 0, hitCount = 250, missCount = 1, failureCount = 0]
2025-09-05 18:03:35 - Spring test ApplicationContext cache statistics: [DefaultContextCache@77073238 size = 1, maxSize = 32, parentContextCount = 0, hitCount = 251, missCount = 1, failureCount = 0]
2025-09-05 18:03:35 - Spring test ApplicationContext cache statistics: [DefaultContextCache@77073238 size = 1, maxSize = 32, parentContextCount = 0, hitCount = 252, missCount = 1, failureCount = 0]
2025-09-05 18:03:35 - Spring test ApplicationContext cache statistics: [DefaultContextCache@77073238 size = 1, maxSize = 32, parentContextCount = 0, hitCount = 253, missCount = 1, failureCount = 0]
2025-09-05 18:03:35 - Spring test ApplicationContext cache statistics: [DefaultContextCache@77073238 size = 1, maxSize = 32, parentContextCount = 0, hitCount = 254, missCount = 1, failureCount = 0]
2025-09-05 18:03:35 - Spring test ApplicationContext cache statistics: [DefaultContextCache@77073238 size = 1, maxSize = 32, parentContextCount = 0, hitCount = 255, missCount = 1, failureCount = 0]
2025-09-05 18:03:35 - Spring test ApplicationContext cache statistics: [DefaultContextCache@77073238 size = 1, maxSize = 32, parentContextCount = 0, hitCount = 256, missCount = 1, failureCount = 0]
2025-09-05 18:03:35 - Rolled back transaction (1) for test class [com.liteware.repository.UserRepositoryTest]; test method [findByEmail]
2025-09-05 18:03:35 - After test method: class [UserRepositoryTest], method [findByEmail], class annotated with @DirtiesContext [false] with mode [null], method annotated with @DirtiesContext [false] with mode [null]
2025-09-05 18:03:35 - Performing dependency injection for test class com.liteware.repository.UserRepositoryTest
2025-09-05 18:03:35 - Spring test ApplicationContext cache statistics: [DefaultContextCache@77073238 size = 1, maxSize = 32, parentContextCount = 0, hitCount = 257, missCount = 1, failureCount = 0]
2025-09-05 18:03:35 - Spring test ApplicationContext cache statistics: [DefaultContextCache@77073238 size = 1, maxSize = 32, parentContextCount = 0, hitCount = 258, missCount = 1, failureCount = 0]
2025-09-05 18:03:35 - Before test method: class [UserRepositoryTest], method [findByLoginId], class annotated with @DirtiesContext [false] with mode [null], method annotated with @DirtiesContext [false] with mode [null]
2025-09-05 18:03:35 - Explicit transaction definition [PROPAGATION_REQUIRED,ISOLATION_DEFAULT] found for test class [com.liteware.repository.UserRepositoryTest] and test method [findByLoginId]
2025-09-05 18:03:35 - Spring test ApplicationContext cache statistics: [DefaultContextCache@77073238 size = 1, maxSize = 32, parentContextCount = 0, hitCount = 259, missCount = 1, failureCount = 0]
2025-09-05 18:03:35 - No method-level @Rollback override: using default rollback [true] for test method [void com.liteware.repository.UserRepositoryTest.findByLoginId()]
2025-09-05 18:03:35 - Began transaction (1) for test class [com.liteware.repository.UserRepositoryTest]; test method [findByLoginId]; transaction manager [org.springframework.orm.jpa.JpaTransactionManager@100235c7]; rollback [true]
2025-09-05 18:03:35 - Spring test ApplicationContext cache statistics: [DefaultContextCache@77073238 size = 1, maxSize = 32, parentContextCount = 0, hitCount = 260, missCount = 1, failureCount = 0]
2025-09-05 18:03:35 - Spring test ApplicationContext cache statistics: [DefaultContextCache@77073238 size = 1, maxSize = 32, parentContextCount = 0, hitCount = 261, missCount = 1, failureCount = 0]
2025-09-05 18:03:35 - Spring test ApplicationContext cache statistics: [DefaultContextCache@77073238 size = 1, maxSize = 32, parentContextCount = 0, hitCount = 262, missCount = 1, failureCount = 0]
2025-09-05 18:03:35 - 
    insert 
    into
        departments
        (created_at, dept_code, dept_level, dept_name, description, is_active, manager_id, parent_dept_id, sort_order, updated_at, dept_id) 
    values
        (?, ?, ?, ?, ?, ?, ?, ?, ?, ?, default)
Hibernate: 
    insert 
    into
        departments
        (created_at, dept_code, dept_level, dept_name, description, is_active, manager_id, parent_dept_id, sort_order, updated_at, dept_id) 
    values
        (?, ?, ?, ?, ?, ?, ?, ?, ?, ?, default)
2025-09-05 18:03:35 - 
    insert 
    into
        positions
        (created_at, description, is_active, position_code, position_level, position_name, sort_order, updated_at, position_id) 
    values
        (?, ?, ?, ?, ?, ?, ?, ?, default)
Hibernate: 
    insert 
    into
        positions
        (created_at, description, is_active, position_code, position_level, position_name, sort_order, updated_at, position_id) 
    values
        (?, ?, ?, ?, ?, ?, ?, ?, default)
2025-09-05 18:03:35 - 
    insert 
    into
        roles
        (created_at, description, is_active, permissions, role_code, role_name, updated_at, role_id) 
    values
        (?, ?, ?, ?, ?, ?, ?, default)
Hibernate: 
    insert 
    into
        roles
        (created_at, description, is_active, permissions, role_code, role_name, updated_at, role_id) 
    values
        (?, ?, ?, ?, ?, ?, ?, default)
2025-09-05 18:03:35 - Spring test ApplicationContext cache statistics: [DefaultContextCache@77073238 size = 1, maxSize = 32, parentContextCount = 0, hitCount = 263, missCount = 1, failureCount = 0]
2025-09-05 18:03:35 - 
    insert 
    into
        users
        (is_active, created_at, department_id, email, hire_date, is_deleted, last_login_at, login_attempts, login_id, name, password, password_changed_at, phone, position_id, profile_image, status, updated_at, user_id) 
    values
        (?, ?, ?, ?, ?, ?, ?, ?, ?, ?, ?, ?, ?, ?, ?, ?, ?, default)
Hibernate: 
    insert 
    into
        users
        (is_active, created_at, department_id, email, hire_date, is_deleted, last_login_at, login_attempts, login_id, name, password, password_changed_at, phone, position_id, profile_image, status, updated_at, user_id) 
    values
        (?, ?, ?, ?, ?, ?, ?, ?, ?, ?, ?, ?, ?, ?, ?, ?, ?, default)
2025-09-05 18:03:35 - 
    insert 
    into
        user_roles
        (user_id, role_id) 
    values
        (?, ?)
Hibernate: 
    insert 
    into
        user_roles
        (user_id, role_id) 
    values
        (?, ?)
2025-09-05 18:03:35 - 
    select
        u1_0.user_id,
        u1_0.is_active,
        u1_0.created_at,
        u1_0.department_id,
        u1_0.email,
        u1_0.hire_date,
        u1_0.is_deleted,
        u1_0.last_login_at,
        u1_0.login_attempts,
        u1_0.login_id,
        u1_0.name,
        u1_0.password,
        u1_0.password_changed_at,
        u1_0.phone,
        u1_0.position_id,
        u1_0.profile_image,
        u1_0.status,
        u1_0.updated_at 
    from
        users u1_0 
    where
        u1_0.login_id=?
Hibernate: 
    select
        u1_0.user_id,
        u1_0.is_active,
        u1_0.created_at,
        u1_0.department_id,
        u1_0.email,
        u1_0.hire_date,
        u1_0.is_deleted,
        u1_0.last_login_at,
        u1_0.login_attempts,
        u1_0.login_id,
        u1_0.name,
        u1_0.password,
        u1_0.password_changed_at,
        u1_0.phone,
        u1_0.position_id,
        u1_0.profile_image,
        u1_0.status,
        u1_0.updated_at 
    from
        users u1_0 
    where
        u1_0.login_id=?
2025-09-05 18:03:35 - Spring test ApplicationContext cache statistics: [DefaultContextCache@77073238 size = 1, maxSize = 32, parentContextCount = 0, hitCount = 264, missCount = 1, failureCount = 0]
2025-09-05 18:03:35 - Spring test ApplicationContext cache statistics: [DefaultContextCache@77073238 size = 1, maxSize = 32, parentContextCount = 0, hitCount = 265, missCount = 1, failureCount = 0]
2025-09-05 18:03:35 - Spring test ApplicationContext cache statistics: [DefaultContextCache@77073238 size = 1, maxSize = 32, parentContextCount = 0, hitCount = 266, missCount = 1, failureCount = 0]
2025-09-05 18:03:35 - Spring test ApplicationContext cache statistics: [DefaultContextCache@77073238 size = 1, maxSize = 32, parentContextCount = 0, hitCount = 267, missCount = 1, failureCount = 0]
2025-09-05 18:03:35 - Spring test ApplicationContext cache statistics: [DefaultContextCache@77073238 size = 1, maxSize = 32, parentContextCount = 0, hitCount = 268, missCount = 1, failureCount = 0]
2025-09-05 18:03:35 - Spring test ApplicationContext cache statistics: [DefaultContextCache@77073238 size = 1, maxSize = 32, parentContextCount = 0, hitCount = 269, missCount = 1, failureCount = 0]
2025-09-05 18:03:35 - Spring test ApplicationContext cache statistics: [DefaultContextCache@77073238 size = 1, maxSize = 32, parentContextCount = 0, hitCount = 270, missCount = 1, failureCount = 0]
2025-09-05 18:03:35 - Spring test ApplicationContext cache statistics: [DefaultContextCache@77073238 size = 1, maxSize = 32, parentContextCount = 0, hitCount = 271, missCount = 1, failureCount = 0]
2025-09-05 18:03:35 - Rolled back transaction (1) for test class [com.liteware.repository.UserRepositoryTest]; test method [findByLoginId]
2025-09-05 18:03:35 - After test method: class [UserRepositoryTest], method [findByLoginId], class annotated with @DirtiesContext [false] with mode [null], method annotated with @DirtiesContext [false] with mode [null]
2025-09-05 18:03:35 - Performing dependency injection for test class com.liteware.repository.UserRepositoryTest
2025-09-05 18:03:35 - Spring test ApplicationContext cache statistics: [DefaultContextCache@77073238 size = 1, maxSize = 32, parentContextCount = 0, hitCount = 272, missCount = 1, failureCount = 0]
2025-09-05 18:03:35 - Spring test ApplicationContext cache statistics: [DefaultContextCache@77073238 size = 1, maxSize = 32, parentContextCount = 0, hitCount = 273, missCount = 1, failureCount = 0]
2025-09-05 18:03:35 - Before test method: class [UserRepositoryTest], method [findByStatus], class annotated with @DirtiesContext [false] with mode [null], method annotated with @DirtiesContext [false] with mode [null]
2025-09-05 18:03:35 - Explicit transaction definition [PROPAGATION_REQUIRED,ISOLATION_DEFAULT] found for test class [com.liteware.repository.UserRepositoryTest] and test method [findByStatus]
2025-09-05 18:03:35 - Spring test ApplicationContext cache statistics: [DefaultContextCache@77073238 size = 1, maxSize = 32, parentContextCount = 0, hitCount = 274, missCount = 1, failureCount = 0]
2025-09-05 18:03:35 - No method-level @Rollback override: using default rollback [true] for test method [void com.liteware.repository.UserRepositoryTest.findByStatus()]
2025-09-05 18:03:35 - Began transaction (1) for test class [com.liteware.repository.UserRepositoryTest]; test method [findByStatus]; transaction manager [org.springframework.orm.jpa.JpaTransactionManager@100235c7]; rollback [true]
2025-09-05 18:03:35 - Spring test ApplicationContext cache statistics: [DefaultContextCache@77073238 size = 1, maxSize = 32, parentContextCount = 0, hitCount = 275, missCount = 1, failureCount = 0]
2025-09-05 18:03:35 - Spring test ApplicationContext cache statistics: [DefaultContextCache@77073238 size = 1, maxSize = 32, parentContextCount = 0, hitCount = 276, missCount = 1, failureCount = 0]
2025-09-05 18:03:35 - Spring test ApplicationContext cache statistics: [DefaultContextCache@77073238 size = 1, maxSize = 32, parentContextCount = 0, hitCount = 277, missCount = 1, failureCount = 0]
2025-09-05 18:03:35 - 
    insert 
    into
        departments
        (created_at, dept_code, dept_level, dept_name, description, is_active, manager_id, parent_dept_id, sort_order, updated_at, dept_id) 
    values
        (?, ?, ?, ?, ?, ?, ?, ?, ?, ?, default)
Hibernate: 
    insert 
    into
        departments
        (created_at, dept_code, dept_level, dept_name, description, is_active, manager_id, parent_dept_id, sort_order, updated_at, dept_id) 
    values
        (?, ?, ?, ?, ?, ?, ?, ?, ?, ?, default)
2025-09-05 18:03:35 - 
    insert 
    into
        positions
        (created_at, description, is_active, position_code, position_level, position_name, sort_order, updated_at, position_id) 
    values
        (?, ?, ?, ?, ?, ?, ?, ?, default)
Hibernate: 
    insert 
    into
        positions
        (created_at, description, is_active, position_code, position_level, position_name, sort_order, updated_at, position_id) 
    values
        (?, ?, ?, ?, ?, ?, ?, ?, default)
2025-09-05 18:03:35 - 
    insert 
    into
        roles
        (created_at, description, is_active, permissions, role_code, role_name, updated_at, role_id) 
    values
        (?, ?, ?, ?, ?, ?, ?, default)
Hibernate: 
    insert 
    into
        roles
        (created_at, description, is_active, permissions, role_code, role_name, updated_at, role_id) 
    values
        (?, ?, ?, ?, ?, ?, ?, default)
2025-09-05 18:03:35 - Spring test ApplicationContext cache statistics: [DefaultContextCache@77073238 size = 1, maxSize = 32, parentContextCount = 0, hitCount = 278, missCount = 1, failureCount = 0]
2025-09-05 18:03:35 - 
    insert 
    into
        users
        (is_active, created_at, department_id, email, hire_date, is_deleted, last_login_at, login_attempts, login_id, name, password, password_changed_at, phone, position_id, profile_image, status, updated_at, user_id) 
    values
        (?, ?, ?, ?, ?, ?, ?, ?, ?, ?, ?, ?, ?, ?, ?, ?, ?, default)
Hibernate: 
    insert 
    into
        users
        (is_active, created_at, department_id, email, hire_date, is_deleted, last_login_at, login_attempts, login_id, name, password, password_changed_at, phone, position_id, profile_image, status, updated_at, user_id) 
    values
        (?, ?, ?, ?, ?, ?, ?, ?, ?, ?, ?, ?, ?, ?, ?, ?, ?, default)
2025-09-05 18:03:35 - 
    insert 
    into
        users
        (is_active, created_at, department_id, email, hire_date, is_deleted, last_login_at, login_attempts, login_id, name, password, password_changed_at, phone, position_id, profile_image, status, updated_at, user_id) 
    values
        (?, ?, ?, ?, ?, ?, ?, ?, ?, ?, ?, ?, ?, ?, ?, ?, ?, default)
Hibernate: 
    insert 
    into
        users
        (is_active, created_at, department_id, email, hire_date, is_deleted, last_login_at, login_attempts, login_id, name, password, password_changed_at, phone, position_id, profile_image, status, updated_at, user_id) 
    values
        (?, ?, ?, ?, ?, ?, ?, ?, ?, ?, ?, ?, ?, ?, ?, ?, ?, default)
2025-09-05 18:03:35 - 
    insert 
    into
        user_roles
        (user_id, role_id) 
    values
        (?, ?)
Hibernate: 
    insert 
    into
        user_roles
        (user_id, role_id) 
    values
        (?, ?)
2025-09-05 18:03:35 - 
    select
        u1_0.user_id,
        u1_0.is_active,
        u1_0.created_at,
        u1_0.department_id,
        u1_0.email,
        u1_0.hire_date,
        u1_0.is_deleted,
        u1_0.last_login_at,
        u1_0.login_attempts,
        u1_0.login_id,
        u1_0.name,
        u1_0.password,
        u1_0.password_changed_at,
        u1_0.phone,
        u1_0.position_id,
        u1_0.profile_image,
        u1_0.status,
        u1_0.updated_at 
    from
        users u1_0 
    where
        u1_0.status=?
Hibernate: 
    select
        u1_0.user_id,
        u1_0.is_active,
        u1_0.created_at,
        u1_0.department_id,
        u1_0.email,
        u1_0.hire_date,
        u1_0.is_deleted,
        u1_0.last_login_at,
        u1_0.login_attempts,
        u1_0.login_id,
        u1_0.name,
        u1_0.password,
        u1_0.password_changed_at,
        u1_0.phone,
        u1_0.position_id,
        u1_0.profile_image,
        u1_0.status,
        u1_0.updated_at 
    from
        users u1_0 
    where
        u1_0.status=?
2025-09-05 18:03:35 - 
    select
        u1_0.user_id,
        u1_0.is_active,
        u1_0.created_at,
        u1_0.department_id,
        u1_0.email,
        u1_0.hire_date,
        u1_0.is_deleted,
        u1_0.last_login_at,
        u1_0.login_attempts,
        u1_0.login_id,
        u1_0.name,
        u1_0.password,
        u1_0.password_changed_at,
        u1_0.phone,
        u1_0.position_id,
        u1_0.profile_image,
        u1_0.status,
        u1_0.updated_at 
    from
        users u1_0 
    where
        u1_0.status=?
Hibernate: 
    select
        u1_0.user_id,
        u1_0.is_active,
        u1_0.created_at,
        u1_0.department_id,
        u1_0.email,
        u1_0.hire_date,
        u1_0.is_deleted,
        u1_0.last_login_at,
        u1_0.login_attempts,
        u1_0.login_id,
        u1_0.name,
        u1_0.password,
        u1_0.password_changed_at,
        u1_0.phone,
        u1_0.position_id,
        u1_0.profile_image,
        u1_0.status,
        u1_0.updated_at 
    from
        users u1_0 
    where
        u1_0.status=?
2025-09-05 18:03:35 - Spring test ApplicationContext cache statistics: [DefaultContextCache@77073238 size = 1, maxSize = 32, parentContextCount = 0, hitCount = 279, missCount = 1, failureCount = 0]
2025-09-05 18:03:35 - Spring test ApplicationContext cache statistics: [DefaultContextCache@77073238 size = 1, maxSize = 32, parentContextCount = 0, hitCount = 280, missCount = 1, failureCount = 0]
2025-09-05 18:03:35 - Spring test ApplicationContext cache statistics: [DefaultContextCache@77073238 size = 1, maxSize = 32, parentContextCount = 0, hitCount = 281, missCount = 1, failureCount = 0]
2025-09-05 18:03:35 - Spring test ApplicationContext cache statistics: [DefaultContextCache@77073238 size = 1, maxSize = 32, parentContextCount = 0, hitCount = 282, missCount = 1, failureCount = 0]
2025-09-05 18:03:35 - Spring test ApplicationContext cache statistics: [DefaultContextCache@77073238 size = 1, maxSize = 32, parentContextCount = 0, hitCount = 283, missCount = 1, failureCount = 0]
2025-09-05 18:03:35 - Spring test ApplicationContext cache statistics: [DefaultContextCache@77073238 size = 1, maxSize = 32, parentContextCount = 0, hitCount = 284, missCount = 1, failureCount = 0]
2025-09-05 18:03:35 - Spring test ApplicationContext cache statistics: [DefaultContextCache@77073238 size = 1, maxSize = 32, parentContextCount = 0, hitCount = 285, missCount = 1, failureCount = 0]
2025-09-05 18:03:35 - Spring test ApplicationContext cache statistics: [DefaultContextCache@77073238 size = 1, maxSize = 32, parentContextCount = 0, hitCount = 286, missCount = 1, failureCount = 0]
2025-09-05 18:03:35 - Rolled back transaction (1) for test class [com.liteware.repository.UserRepositoryTest]; test method [findByStatus]
2025-09-05 18:03:35 - After test method: class [UserRepositoryTest], method [findByStatus], class annotated with @DirtiesContext [false] with mode [null], method annotated with @DirtiesContext [false] with mode [null]
2025-09-05 18:03:35 - Spring test ApplicationContext cache statistics: [DefaultContextCache@77073238 size = 1, maxSize = 32, parentContextCount = 0, hitCount = 287, missCount = 1, failureCount = 0]
2025-09-05 18:03:35 - After test class: class [UserRepositoryTest], class annotated with @DirtiesContext [false] with mode [null]
]]></system-out>
  <system-err><![CDATA[]]></system-err>
</testsuite>
