<?xml version="1.0" encoding="UTF-8"?>
<testsuite name="com.liteware.service.PositionServiceTest" tests="11" skipped="0" failures="0" errors="0" timestamp="2025-09-05T09:03:35" hostname="imjangsun-ui-MacBookPro.local" time="0.039">
  <properties/>
  <testcase name="직급을 삭제(비활성화)할 수 있어야 한다" classname="com.liteware.service.PositionServiceTest" time="0.029"/>
  <testcase name="사용자가 있는 직급은 삭제할 수 없어야 한다" classname="com.liteware.service.PositionServiceTest" time="0.001"/>
  <testcase name="직급 레벨별로 목록을 조회할 수 있어야 한다" classname="com.liteware.service.PositionServiceTest" time="0.0"/>
  <testcase name="직급 검색을 할 수 있어야 한다" classname="com.liteware.service.PositionServiceTest" time="0.0"/>
  <testcase name="모든 활성 직급 목록을 조회할 수 있어야 한다" classname="com.liteware.service.PositionServiceTest" time="0.001"/>
  <testcase name="직급별 사용자 목록을 조회할 수 있어야 한다" classname="com.liteware.service.PositionServiceTest" time="0.001"/>
  <testcase name="직급 순서를 변경할 수 있어야 한다" classname="com.liteware.service.PositionServiceTest" time="0.001"/>
  <testcase name="중복된 직급 코드로 생성 시 예외가 발생해야 한다" classname="com.liteware.service.PositionServiceTest" time="0.0"/>
  <testcase name="직급 정보를 수정할 수 있어야 한다" classname="com.liteware.service.PositionServiceTest" time="0.0"/>
  <testcase name="직급을 생성할 수 있어야 한다" classname="com.liteware.service.PositionServiceTest" time="0.0"/>
  <testcase name="직급별 사용자 수를 조회할 수 있어야 한다" classname="com.liteware.service.PositionServiceTest" time="0.0"/>
  <system-out><![CDATA[2025-09-05 18:03:35 - Position deleted (deactivated): ASST_MGR
2025-09-05 18:03:35 - Position order updated for 2 positions
]]></system-out>
  <system-err><![CDATA[]]></system-err>
</testsuite>
