<?xml version="1.0" encoding="UTF-8"?>
<testsuite name="com.liteware.service.ApprovalServiceTest" tests="12" skipped="0" failures="0" errors="0" timestamp="2025-09-05T09:03:35" hostname="imjangsun-ui-MacBookPro.local" time="0.325">
  <properties/>
  <testcase name="문서를 승인할 수 있어야 한다" classname="com.liteware.service.ApprovalServiceTest" time="0.282"/>
  <testcase name="기안자만 문서를 회수할 수 있어야 한다" classname="com.liteware.service.ApprovalServiceTest" time="0.004"/>
  <testcase name="결재선을 설정할 수 있어야 한다" classname="com.liteware.service.ApprovalServiceTest" time="0.004"/>
  <testcase name="기안한 문서 목록을 조회할 수 있어야 한다" classname="com.liteware.service.ApprovalServiceTest" time="0.002"/>
  <testcase name="결재 문서를 기안할 수 있어야 한다" classname="com.liteware.service.ApprovalServiceTest" time="0.002"/>
  <testcase name="문서를 회수할 수 있어야 한다" classname="com.liteware.service.ApprovalServiceTest" time="0.003"/>
  <testcase name="최종 승인 시 문서 상태가 완료로 변경되어야 한다" classname="com.liteware.service.ApprovalServiceTest" time="0.005"/>
  <testcase name="임시저장 상태가 아닌 문서는 상신할 수 없어야 한다" classname="com.liteware.service.ApprovalServiceTest" time="0.002"/>
  <testcase name="결재 대기 문서 목록을 조회할 수 있어야 한다" classname="com.liteware.service.ApprovalServiceTest" time="0.001"/>
  <testcase name="문서를 상신할 수 있어야 한다" classname="com.liteware.service.ApprovalServiceTest" time="0.002"/>
  <testcase name="현재 결재자가 아닌 사용자는 결재할 수 없어야 한다" classname="com.liteware.service.ApprovalServiceTest" time="0.002"/>
  <testcase name="문서를 반려할 수 있어야 한다" classname="com.liteware.service.ApprovalServiceTest" time="0.004"/>
  <system-out><![CDATA[2025-09-05 18:03:35 - Document approved by 결재자1: DOC-2025-001
2025-09-05 18:03:35 - Document cancelled by drafter: DOC-2025-001
2025-09-05 18:03:35 - Document approved by 결재자2: DOC-2025-001
2025-09-05 18:03:35 - Document submitted: DOC-2025-001
2025-09-05 18:03:35 - Document rejected by 결재자1: DOC-2025-001
]]></system-out>
  <system-err><![CDATA[]]></system-err>
</testsuite>
