<?xml version="1.0" encoding="UTF-8"?>
<testsuite name="com.liteware.service.DepartmentServiceTest" tests="12" skipped="0" failures="0" errors="0" timestamp="2025-09-05T09:03:35" hostname="imjangsun-ui-MacBookPro.local" time="0.048">
  <properties/>
  <testcase name="사용자가 있는 부서는 삭제할 수 없어야 한다" classname="com.liteware.service.DepartmentServiceTest" time="0.033"/>
  <testcase name="다른 부서 소속 사용자는 부서장이 될 수 없어야 한다" classname="com.liteware.service.DepartmentServiceTest" time="0.001"/>
  <testcase name="부서를 이동할 수 있어야 한다" classname="com.liteware.service.DepartmentServiceTest" time="0.001"/>
  <testcase name="부서장을 지정할 수 있어야 한다" classname="com.liteware.service.DepartmentServiceTest" time="0.001"/>
  <testcase name="부서를 생성할 수 있어야 한다" classname="com.liteware.service.DepartmentServiceTest" time="0.001"/>
  <testcase name="부서별 사용자 목록을 조회할 수 있어야 한다" classname="com.liteware.service.DepartmentServiceTest" time="0.003"/>
  <testcase name="부서 검색을 할 수 있어야 한다" classname="com.liteware.service.DepartmentServiceTest" time="0.001"/>
  <testcase name="부서를 삭제(비활성화)할 수 있어야 한다" classname="com.liteware.service.DepartmentServiceTest" time="0.001"/>
  <testcase name="부서 트리 구조를 조회할 수 있어야 한다" classname="com.liteware.service.DepartmentServiceTest" time="0.001"/>
  <testcase name="하위 부서가 있는 부서는 삭제할 수 없어야 한다" classname="com.liteware.service.DepartmentServiceTest" time="0.001"/>
  <testcase name="부서 정보를 수정할 수 있어야 한다" classname="com.liteware.service.DepartmentServiceTest" time="0.001"/>
  <testcase name="중복된 부서 코드로 생성 시 예외가 발생해야 한다" classname="com.liteware.service.DepartmentServiceTest" time="0.001"/>
  <system-out><![CDATA[2025-09-05 18:03:35 - Department deleted (deactivated): DEV
]]></system-out>
  <system-err><![CDATA[]]></system-err>
</testsuite>
